<?xml version="1.0" encoding="UTF-8"?>
<coverage generated="1722265946033" clover="3.2.0">
  <project timestamp="1722265946034" name="All files">
    <metrics statements="190" coveredstatements="46" conditionals="121" coveredconditionals="8" methods="32" coveredmethods="11" elements="343" coveredelements="65" complexity="0" loc="190" ncloc="190" packages="1" files="2" classes="2"/>
    <file name="splitsClass.js" path="C:\Users\benwa\OneDrive\Desktop\MoreWeight\Development\backend\src\splitsClass.js">
      <metrics statements="188" coveredstatements="44" conditionals="121" coveredconditionals="8" methods="32" coveredmethods="11"/>
      <line num="1" count="1" type="stmt"/>
      <line num="5" count="0" type="stmt"/>
      <line num="6" count="0" type="stmt"/>
      <line num="11" count="0" type="stmt"/>
      <line num="16" count="0" type="stmt"/>
      <line num="21" count="0" type="stmt"/>
      <line num="28" count="0" type="stmt"/>
      <line num="30" count="0" type="stmt"/>
      <line num="33" count="0" type="stmt"/>
      <line num="34" count="0" type="stmt"/>
      <line num="36" count="0" type="cond" truecount="0" falsecount="2"/>
      <line num="37" count="0" type="stmt"/>
      <line num="41" count="0" type="cond" truecount="0" falsecount="2"/>
      <line num="42" count="0" type="stmt"/>
      <line num="43" count="0" type="cond" truecount="0" falsecount="2"/>
      <line num="45" count="0" type="cond" truecount="0" falsecount="2"/>
      <line num="46" count="0" type="stmt"/>
      <line num="50" count="0" type="stmt"/>
      <line num="54" count="0" type="stmt"/>
      <line num="56" count="0" type="cond" truecount="0" falsecount="4"/>
      <line num="57" count="0" type="cond" truecount="0" falsecount="6"/>
      <line num="59" count="0" type="stmt"/>
      <line num="60" count="0" type="cond" truecount="0" falsecount="4"/>
      <line num="61" count="0" type="stmt"/>
      <line num="63" count="0" type="cond" truecount="0" falsecount="4"/>
      <line num="64" count="0" type="stmt"/>
      <line num="66" count="0" type="cond" truecount="0" falsecount="2"/>
      <line num="67" count="0" type="stmt"/>
      <line num="68" count="0" type="cond" truecount="0" falsecount="5"/>
      <line num="69" count="0" type="stmt"/>
      <line num="73" count="0" type="stmt"/>
      <line num="77" count="0" type="stmt"/>
      <line num="79" count="0" type="stmt"/>
      <line num="82" count="0" type="stmt"/>
      <line num="84" count="0" type="stmt"/>
      <line num="85" count="0" type="stmt"/>
      <line num="86" count="0" type="stmt"/>
      <line num="87" count="0" type="stmt"/>
      <line num="88" count="0" type="cond" truecount="0" falsecount="2"/>
      <line num="89" count="0" type="stmt"/>
      <line num="91" count="0" type="stmt"/>
      <line num="95" count="0" type="cond" truecount="0" falsecount="4"/>
      <line num="96" count="0" type="stmt"/>
      <line num="99" count="0" type="cond" truecount="0" falsecount="2"/>
      <line num="101" count="0" type="stmt"/>
      <line num="102" count="0" type="stmt"/>
      <line num="103" count="0" type="stmt"/>
      <line num="104" count="0" type="stmt"/>
      <line num="108" count="0" type="stmt"/>
      <line num="109" count="0" type="cond" truecount="0" falsecount="2"/>
      <line num="110" count="0" type="stmt"/>
      <line num="112" count="0" type="stmt"/>
      <line num="116" count="0" type="cond" truecount="0" falsecount="2"/>
      <line num="117" count="0" type="stmt"/>
      <line num="119" count="0" type="cond" truecount="0" falsecount="2"/>
      <line num="120" count="0" type="stmt"/>
      <line num="122" count="0" type="cond" truecount="0" falsecount="2"/>
      <line num="123" count="0" type="stmt"/>
      <line num="127" count="0" type="cond" truecount="0" falsecount="2"/>
      <line num="128" count="0" type="stmt"/>
      <line num="131" count="0" type="cond" truecount="0" falsecount="4"/>
      <line num="132" count="0" type="stmt"/>
      <line num="137" count="0" type="cond" truecount="0" falsecount="2"/>
      <line num="138" count="0" type="stmt"/>
      <line num="141" count="0" type="stmt"/>
      <line num="145" count="0" type="stmt"/>
      <line num="149" count="0" type="stmt"/>
      <line num="151" count="0" type="stmt"/>
      <line num="152" count="0" type="cond" truecount="0" falsecount="2"/>
      <line num="153" count="0" type="stmt"/>
      <line num="157" count="0" type="stmt"/>
      <line num="161" count="0" type="stmt"/>
      <line num="163" count="0" type="stmt"/>
      <line num="165" count="0" type="cond" truecount="0" falsecount="2"/>
      <line num="166" count="0" type="stmt"/>
      <line num="167" count="0" type="stmt"/>
      <line num="170" count="0" type="cond" truecount="0" falsecount="2"/>
      <line num="171" count="0" type="stmt"/>
      <line num="172" count="0" type="stmt"/>
      <line num="176" count="0" type="cond" truecount="0" falsecount="2"/>
      <line num="177" count="0" type="stmt"/>
      <line num="178" count="0" type="stmt"/>
      <line num="179" count="0" type="stmt"/>
      <line num="180" count="0" type="stmt"/>
      <line num="187" count="0" type="stmt"/>
      <line num="188" count="0" type="cond" truecount="0" falsecount="2"/>
      <line num="189" count="0" type="stmt"/>
      <line num="191" count="0" type="stmt"/>
      <line num="192" count="0" type="stmt"/>
      <line num="193" count="0" type="cond" truecount="0" falsecount="5"/>
      <line num="194" count="0" type="stmt"/>
      <line num="196" count="0" type="cond" truecount="0" falsecount="5"/>
      <line num="197" count="0" type="stmt"/>
      <line num="199" count="0" type="cond" truecount="0" falsecount="5"/>
      <line num="200" count="0" type="stmt"/>
      <line num="203" count="0" type="stmt"/>
      <line num="206" count="0" type="stmt"/>
      <line num="210" count="0" type="stmt"/>
      <line num="213" count="0" type="stmt"/>
      <line num="214" count="0" type="cond" truecount="0" falsecount="2"/>
      <line num="215" count="0" type="stmt"/>
      <line num="216" count="0" type="stmt"/>
      <line num="219" count="0" type="stmt"/>
      <line num="221" count="0" type="stmt"/>
      <line num="222" count="0" type="cond" truecount="0" falsecount="3"/>
      <line num="223" count="0" type="cond" truecount="0" falsecount="2"/>
      <line num="224" count="0" type="stmt"/>
      <line num="225" count="0" type="cond" truecount="0" falsecount="2"/>
      <line num="226" count="0" type="stmt"/>
      <line num="227" count="0" type="stmt"/>
      <line num="230" count="0" type="stmt"/>
      <line num="234" count="0" type="stmt"/>
      <line num="235" count="0" type="cond" truecount="0" falsecount="4"/>
      <line num="236" count="0" type="stmt"/>
      <line num="239" count="0" type="stmt"/>
      <line num="242" count="0" type="cond" truecount="0" falsecount="4"/>
      <line num="243" count="0" type="stmt"/>
      <line num="245" count="0" type="stmt"/>
      <line num="254" count="0" type="stmt"/>
      <line num="257" count="0" type="stmt"/>
      <line num="258" count="0" type="stmt"/>
      <line num="259" count="0" type="cond" truecount="0" falsecount="2"/>
      <line num="260" count="0" type="stmt"/>
      <line num="265" count="0" type="stmt"/>
      <line num="266" count="0" type="cond" truecount="0" falsecount="2"/>
      <line num="268" count="0" type="stmt"/>
      <line num="269" count="0" type="stmt"/>
      <line num="272" count="0" type="stmt"/>
      <line num="273" count="0" type="stmt"/>
      <line num="277" count="0" type="stmt"/>
      <line num="278" count="0" type="cond" truecount="0" falsecount="2"/>
      <line num="279" count="0" type="stmt"/>
      <line num="280" count="0" type="cond" truecount="0" falsecount="2"/>
      <line num="281" count="0" type="stmt"/>
      <line num="283" count="0" type="stmt"/>
      <line num="287" count="0" type="stmt"/>
      <line num="292" count="1620" type="stmt"/>
      <line num="293" count="1620" type="stmt"/>
      <line num="294" count="405" type="stmt"/>
      <line num="295" count="405" type="stmt"/>
      <line num="296" count="405" type="stmt"/>
      <line num="297" count="1620" type="cond" truecount="2" falsecount="0"/>
      <line num="298" count="929" type="stmt"/>
      <line num="300" count="691" type="stmt"/>
      <line num="303" count="405" type="stmt"/>
      <line num="304" count="1620" type="cond" truecount="2" falsecount="0"/>
      <line num="305" count="691" type="stmt"/>
      <line num="309" count="405" type="stmt"/>
      <line num="313" count="0" type="cond" truecount="0" falsecount="2"/>
      <line num="314" count="0" type="cond" truecount="0" falsecount="2"/>
      <line num="315" count="0" type="stmt"/>
      <line num="316" count="0" type="cond" truecount="0" falsecount="2"/>
      <line num="317" count="0" type="stmt"/>
      <line num="319" count="0" type="stmt"/>
      <line num="322" count="0" type="stmt"/>
      <line num="327" count="1" type="stmt"/>
      <line num="329" count="1" type="stmt"/>
      <line num="330" count="5" type="stmt"/>
      <line num="331" count="5" type="stmt"/>
      <line num="333" count="5" type="stmt"/>
      <line num="334" count="25" type="stmt"/>
      <line num="335" count="25" type="stmt"/>
      <line num="338" count="25" type="stmt"/>
      <line num="339" count="75" type="stmt"/>
      <line num="340" count="75" type="stmt"/>
      <line num="342" count="75" type="stmt"/>
      <line num="343" count="0" type="stmt"/>
      <line num="344" count="0" type="stmt"/>
      <line num="347" count="75" type="stmt"/>
      <line num="350" count="25" type="stmt"/>
      <line num="351" count="125" type="stmt"/>
      <line num="352" count="125" type="stmt"/>
      <line num="353" count="375" type="stmt"/>
      <line num="356" count="125" type="stmt"/>
      <line num="358" count="125" type="stmt"/>
      <line num="373" count="5" type="stmt"/>
      <line num="379" count="1" type="stmt"/>
      <line num="380" count="1" type="stmt"/>
      <line num="381" count="4" type="cond" truecount="2" falsecount="0"/>
      <line num="382" count="1" type="stmt"/>
      <line num="387" count="1" type="stmt"/>
      <line num="391" count="5" type="stmt"/>
      <line num="392" count="5" type="stmt"/>
      <line num="393" count="15" type="stmt"/>
      <line num="394" count="45" type="cond" truecount="2" falsecount="0"/>
      <line num="395" count="30" type="stmt"/>
      <line num="399" count="5" type="stmt"/>
      <line num="404" count="1" type="stmt"/>
    </file>
    <file name="staticData.js" path="C:\Users\benwa\OneDrive\Desktop\MoreWeight\Development\backend\src\staticData.js">
      <metrics statements="2" coveredstatements="2" conditionals="0" coveredconditionals="0" methods="0" coveredmethods="0"/>
      <line num="1" count="1" type="stmt"/>
      <line num="1855" count="1" type="stmt"/>
    </file>
  </project>
</coverage>
