{"C:\\Users\\benwa\\OneDrive\\Desktop\\MoreWeight\\Development\\backend\\src\\splitsClass.js": {"path":"C:\\Users\\benwa\\OneDrive\\Desktop\\MoreWeight\\Development\\backend\\src\\splitsClass.js","statementMap":{"0":{"start":{"line":1,"column":19},"end":{"line":1,"column":42}},"1":{"start":{"line":5,"column":4},"end":{"line":5,"column":24}},"2":{"start":{"line":6,"column":4},"end":{"line":10,"column":5}},"3":{"start":{"line":11,"column":4},"end":{"line":15,"column":5}},"4":{"start":{"line":16,"column":4},"end":{"line":20,"column":5}},"5":{"start":{"line":21,"column":4},"end":{"line":24,"column":5}},"6":{"start":{"line":28,"column":24},"end":{"line":28,"column":45}},"7":{"start":{"line":30,"column":15},"end":{"line":30,"column":19}},"8":{"start":{"line":33,"column":18},"end":{"line":33,"column":19}},"9":{"start":{"line":34,"column":20},"end":{"line":34,"column":21}},"10":{"start":{"line":36,"column":4},"end":{"line":38,"column":5}},"11":{"start":{"line":37,"column":6},"end":{"line":37,"column":19}},"12":{"start":{"line":41,"column":4},"end":{"line":48,"column":5}},"13":{"start":{"line":41,"column":17},"end":{"line":41,"column":18}},"14":{"start":{"line":42,"column":20},"end":{"line":42,"column":34}},"15":{"start":{"line":43,"column":25},"end":{"line":43,"column":50}},"16":{"start":{"line":45,"column":6},"end":{"line":47,"column":7}},"17":{"start":{"line":46,"column":8},"end":{"line":46,"column":86}},"18":{"start":{"line":50,"column":2},"end":{"line":50,"column":14}},"19":{"start":{"line":54,"column":24},"end":{"line":54,"column":45}},"20":{"start":{"line":56,"column":24},"end":{"line":56,"column":101}},"21":{"start":{"line":57,"column":22},"end":{"line":57,"column":113}},"22":{"start":{"line":59,"column":15},"end":{"line":59,"column":19}},"23":{"start":{"line":60,"column":4},"end":{"line":62,"column":5}},"24":{"start":{"line":60,"column":56},"end":{"line":60,"column":101}},"25":{"start":{"line":61,"column":6},"end":{"line":61,"column":19}},"26":{"start":{"line":63,"column":4},"end":{"line":65,"column":5}},"27":{"start":{"line":63,"column":60},"end":{"line":63,"column":105}},"28":{"start":{"line":64,"column":6},"end":{"line":64,"column":19}},"29":{"start":{"line":66,"column":4},"end":{"line":71,"column":5}},"30":{"start":{"line":66,"column":17},"end":{"line":66,"column":18}},"31":{"start":{"line":67,"column":23},"end":{"line":67,"column":42}},"32":{"start":{"line":68,"column":6},"end":{"line":70,"column":7}},"33":{"start":{"line":69,"column":8},"end":{"line":69,"column":21}},"34":{"start":{"line":73,"column":2},"end":{"line":73,"column":14}},"35":{"start":{"line":77,"column":24},"end":{"line":77,"column":45}},"36":{"start":{"line":79,"column":18},"end":{"line":79,"column":22}},"37":{"start":{"line":82,"column":17},"end":{"line":82,"column":64}},"38":{"start":{"line":82,"column":41},"end":{"line":82,"column":63}},"39":{"start":{"line":84,"column":22},"end":{"line":84,"column":27}},"40":{"start":{"line":85,"column":4},"end":{"line":93,"column":6}},"41":{"start":{"line":86,"column":19},"end":{"line":86,"column":26}},"42":{"start":{"line":87,"column":18},"end":{"line":87,"column":25}},"43":{"start":{"line":88,"column":6},"end":{"line":92,"column":7}},"44":{"start":{"line":89,"column":8},"end":{"line":89,"column":73}},"45":{"start":{"line":89,"column":47},"end":{"line":89,"column":72}},"46":{"start":{"line":91,"column":8},"end":{"line":91,"column":27}},"47":{"start":{"line":95,"column":4},"end":{"line":97,"column":5}},"48":{"start":{"line":96,"column":6},"end":{"line":96,"column":22}},"49":{"start":{"line":99,"column":4},"end":{"line":143,"column":5}},"50":{"start":{"line":101,"column":23},"end":{"line":101,"column":25}},"51":{"start":{"line":102,"column":6},"end":{"line":105,"column":7}},"52":{"start":{"line":102,"column":19},"end":{"line":102,"column":20}},"53":{"start":{"line":103,"column":20},"end":{"line":103,"column":34}},"54":{"start":{"line":104,"column":8},"end":{"line":104,"column":74}},"55":{"start":{"line":108,"column":20},"end":{"line":108,"column":21}},"56":{"start":{"line":109,"column":6},"end":{"line":113,"column":7}},"57":{"start":{"line":110,"column":8},"end":{"line":110,"column":20}},"58":{"start":{"line":112,"column":8},"end":{"line":112,"column":20}},"59":{"start":{"line":116,"column":6},"end":{"line":142,"column":7}},"60":{"start":{"line":116,"column":19},"end":{"line":116,"column":20}},"61":{"start":{"line":117,"column":28},"end":{"line":117,"column":35}},"62":{"start":{"line":119,"column":8},"end":{"line":135,"column":9}},"63":{"start":{"line":120,"column":10},"end":{"line":120,"column":22}},"64":{"start":{"line":122,"column":10},"end":{"line":124,"column":11}},"65":{"start":{"line":123,"column":12},"end":{"line":123,"column":24}},"66":{"start":{"line":127,"column":10},"end":{"line":129,"column":11}},"67":{"start":{"line":128,"column":12},"end":{"line":128,"column":24}},"68":{"start":{"line":131,"column":10},"end":{"line":133,"column":11}},"69":{"start":{"line":132,"column":12},"end":{"line":132,"column":24}},"70":{"start":{"line":137,"column":8},"end":{"line":139,"column":9}},"71":{"start":{"line":138,"column":10},"end":{"line":138,"column":26}},"72":{"start":{"line":141,"column":8},"end":{"line":141,"column":30}},"73":{"start":{"line":145,"column":4},"end":{"line":145,"column":19}},"74":{"start":{"line":149,"column":18},"end":{"line":149,"column":19}},"75":{"start":{"line":151,"column":4},"end":{"line":155,"column":5}},"76":{"start":{"line":151,"column":17},"end":{"line":151,"column":18}},"77":{"start":{"line":152,"column":6},"end":{"line":154,"column":7}},"78":{"start":{"line":153,"column":8},"end":{"line":153,"column":18}},"79":{"start":{"line":157,"column":4},"end":{"line":157,"column":19}},"80":{"start":{"line":161,"column":21},"end":{"line":161,"column":43}},"81":{"start":{"line":163,"column":16},"end":{"line":163,"column":40}},"82":{"start":{"line":165,"column":4},"end":{"line":183,"column":5}},"83":{"start":{"line":166,"column":6},"end":{"line":174,"column":7}},"84":{"start":{"line":166,"column":19},"end":{"line":166,"column":20}},"85":{"start":{"line":167,"column":27},"end":{"line":167,"column":51}},"86":{"start":{"line":170,"column":8},"end":{"line":173,"column":9}},"87":{"start":{"line":171,"column":10},"end":{"line":171,"column":44}},"88":{"start":{"line":172,"column":10},"end":{"line":172,"column":98}},"89":{"start":{"line":176,"column":6},"end":{"line":182,"column":7}},"90":{"start":{"line":177,"column":8},"end":{"line":181,"column":10}},"91":{"start":{"line":178,"column":23},"end":{"line":178,"column":30}},"92":{"start":{"line":179,"column":22},"end":{"line":179,"column":29}},"93":{"start":{"line":180,"column":10},"end":{"line":180,"column":43}},"94":{"start":{"line":187,"column":16},"end":{"line":187,"column":18}},"95":{"start":{"line":188,"column":4},"end":{"line":204,"column":5}},"96":{"start":{"line":189,"column":6},"end":{"line":189,"column":32}},"97":{"start":{"line":191,"column":6},"end":{"line":202,"column":7}},"98":{"start":{"line":191,"column":19},"end":{"line":191,"column":20}},"99":{"start":{"line":192,"column":22},"end":{"line":192,"column":35}},"100":{"start":{"line":193,"column":8},"end":{"line":195,"column":9}},"101":{"start":{"line":194,"column":10},"end":{"line":194,"column":39}},"102":{"start":{"line":196,"column":8},"end":{"line":198,"column":9}},"103":{"start":{"line":197,"column":10},"end":{"line":197,"column":37}},"104":{"start":{"line":199,"column":8},"end":{"line":201,"column":9}},"105":{"start":{"line":200,"column":10},"end":{"line":200,"column":40}},"106":{"start":{"line":203,"column":6},"end":{"line":203,"column":51}},"107":{"start":{"line":206,"column":4},"end":{"line":206,"column":17}},"108":{"start":{"line":210,"column":23},"end":{"line":210,"column":44}},"109":{"start":{"line":213,"column":4},"end":{"line":250,"column":5}},"110":{"start":{"line":213,"column":19},"end":{"line":213,"column":20}},"111":{"start":{"line":214,"column":6},"end":{"line":249,"column":7}},"112":{"start":{"line":215,"column":8},"end":{"line":248,"column":9}},"113":{"start":{"line":216,"column":10},"end":{"line":247,"column":12}},"114":{"start":{"line":219,"column":31},"end":{"line":219,"column":44}},"115":{"start":{"line":221,"column":30},"end":{"line":221,"column":31}},"116":{"start":{"line":221,"column":41},"end":{"line":221,"column":42}},"117":{"start":{"line":221,"column":59},"end":{"line":221,"column":63}},"118":{"start":{"line":222,"column":12},"end":{"line":231,"column":13}},"119":{"start":{"line":223,"column":14},"end":{"line":229,"column":15}},"120":{"start":{"line":224,"column":16},"end":{"line":224,"column":115}},"121":{"start":{"line":225,"column":16},"end":{"line":228,"column":17}},"122":{"start":{"line":226,"column":18},"end":{"line":226,"column":70}},"123":{"start":{"line":227,"column":18},"end":{"line":227,"column":32}},"124":{"start":{"line":230,"column":14},"end":{"line":230,"column":18}},"125":{"start":{"line":234,"column":27},"end":{"line":234,"column":37}},"126":{"start":{"line":235,"column":12},"end":{"line":237,"column":13}},"127":{"start":{"line":236,"column":14},"end":{"line":236,"column":38}},"128":{"start":{"line":239,"column":26},"end":{"line":239,"column":79}},"129":{"start":{"line":239,"column":55},"end":{"line":239,"column":71}},"130":{"start":{"line":242,"column":12},"end":{"line":246,"column":13}},"131":{"start":{"line":243,"column":14},"end":{"line":243,"column":82}},"132":{"start":{"line":245,"column":14},"end":{"line":245,"column":99}},"133":{"start":{"line":254,"column":16},"end":{"line":254,"column":20}},"134":{"start":{"line":257,"column":19},"end":{"line":257,"column":29}},"135":{"start":{"line":258,"column":4},"end":{"line":262,"column":7}},"136":{"start":{"line":259,"column":6},"end":{"line":261,"column":7}},"137":{"start":{"line":260,"column":8},"end":{"line":260,"column":33}},"138":{"start":{"line":265,"column":19},"end":{"line":265,"column":58}},"139":{"start":{"line":265,"column":41},"end":{"line":265,"column":57}},"140":{"start":{"line":266,"column":4},"end":{"line":274,"column":5}},"141":{"start":{"line":268,"column":26},"end":{"line":268,"column":40}},"142":{"start":{"line":269,"column":6},"end":{"line":269,"column":36}},"143":{"start":{"line":272,"column":27},"end":{"line":272,"column":43}},"144":{"start":{"line":273,"column":6},"end":{"line":273,"column":34}},"145":{"start":{"line":277,"column":4},"end":{"line":285,"column":5}},"146":{"start":{"line":277,"column":17},"end":{"line":277,"column":18}},"147":{"start":{"line":278,"column":6},"end":{"line":284,"column":7}},"148":{"start":{"line":279,"column":20},"end":{"line":279,"column":36}},"149":{"start":{"line":280,"column":8},"end":{"line":282,"column":9}},"150":{"start":{"line":281,"column":10},"end":{"line":281,"column":24}},"151":{"start":{"line":283,"column":8},"end":{"line":283,"column":26}},"152":{"start":{"line":287,"column":4},"end":{"line":287,"column":29}},"153":{"start":{"line":292,"column":18},"end":{"line":292,"column":53}},"154":{"start":{"line":292,"column":36},"end":{"line":292,"column":52}},"155":{"start":{"line":293,"column":18},"end":{"line":293,"column":53}},"156":{"start":{"line":293,"column":36},"end":{"line":293,"column":52}},"157":{"start":{"line":294,"column":16},"end":{"line":294,"column":17}},"158":{"start":{"line":295,"column":21},"end":{"line":295,"column":22}},"159":{"start":{"line":296,"column":4},"end":{"line":302,"column":6}},"160":{"start":{"line":297,"column":6},"end":{"line":301,"column":7}},"161":{"start":{"line":298,"column":8},"end":{"line":298,"column":16}},"162":{"start":{"line":300,"column":8},"end":{"line":300,"column":22}},"163":{"start":{"line":303,"column":4},"end":{"line":307,"column":6}},"164":{"start":{"line":304,"column":6},"end":{"line":306,"column":7}},"165":{"start":{"line":305,"column":8},"end":{"line":305,"column":21}},"166":{"start":{"line":309,"column":4},"end":{"line":309,"column":30}},"167":{"start":{"line":313,"column":4},"end":{"line":323,"column":5}},"168":{"start":{"line":314,"column":6},"end":{"line":320,"column":7}},"169":{"start":{"line":315,"column":8},"end":{"line":315,"column":39}},"170":{"start":{"line":316,"column":13},"end":{"line":320,"column":7}},"171":{"start":{"line":317,"column":8},"end":{"line":317,"column":42}},"172":{"start":{"line":319,"column":8},"end":{"line":319,"column":18}},"173":{"start":{"line":322,"column":6},"end":{"line":322,"column":16}},"174":{"start":{"line":327,"column":17},"end":{"line":327,"column":19}},"175":{"start":{"line":329,"column":4},"end":{"line":377,"column":5}},"176":{"start":{"line":329,"column":17},"end":{"line":329,"column":18}},"177":{"start":{"line":330,"column":21},"end":{"line":330,"column":42}},"178":{"start":{"line":331,"column":20},"end":{"line":331,"column":22}},"179":{"start":{"line":333,"column":6},"end":{"line":372,"column":7}},"180":{"start":{"line":333,"column":19},"end":{"line":333,"column":20}},"181":{"start":{"line":334,"column":8},"end":{"line":334,"column":41}},"182":{"start":{"line":335,"column":8},"end":{"line":335,"column":21}},"183":{"start":{"line":338,"column":8},"end":{"line":348,"column":9}},"184":{"start":{"line":338,"column":21},"end":{"line":338,"column":22}},"185":{"start":{"line":339,"column":22},"end":{"line":339,"column":63}},"186":{"start":{"line":340,"column":26},"end":{"line":340,"column":39}},"187":{"start":{"line":342,"column":10},"end":{"line":345,"column":11}},"188":{"start":{"line":342,"column":40},"end":{"line":342,"column":82}},"189":{"start":{"line":342,"column":62},"end":{"line":342,"column":81}},"190":{"start":{"line":343,"column":12},"end":{"line":343,"column":62}},"191":{"start":{"line":344,"column":12},"end":{"line":344,"column":38}},"192":{"start":{"line":347,"column":10},"end":{"line":347,"column":34}},"193":{"start":{"line":350,"column":8},"end":{"line":370,"column":10}},"194":{"start":{"line":351,"column":31},"end":{"line":351,"column":33}},"195":{"start":{"line":352,"column":10},"end":{"line":354,"column":12}},"196":{"start":{"line":353,"column":12},"end":{"line":353,"column":72}},"197":{"start":{"line":356,"column":10},"end":{"line":356,"column":35}},"198":{"start":{"line":358,"column":10},"end":{"line":358,"column":81}},"199":{"start":{"line":373,"column":6},"end":{"line":376,"column":8}},"200":{"start":{"line":379,"column":15},"end":{"line":379,"column":22}},"201":{"start":{"line":380,"column":4},"end":{"line":384,"column":5}},"202":{"start":{"line":380,"column":17},"end":{"line":380,"column":18}},"203":{"start":{"line":381,"column":6},"end":{"line":383,"column":7}},"204":{"start":{"line":382,"column":10},"end":{"line":382,"column":25}},"205":{"start":{"line":387,"column":4},"end":{"line":387,"column":25}},"206":{"start":{"line":391,"column":19},"end":{"line":391,"column":20}},"207":{"start":{"line":392,"column":4},"end":{"line":398,"column":5}},"208":{"start":{"line":392,"column":17},"end":{"line":392,"column":18}},"209":{"start":{"line":393,"column":6},"end":{"line":397,"column":7}},"210":{"start":{"line":393,"column":19},"end":{"line":393,"column":20}},"211":{"start":{"line":394,"column":8},"end":{"line":396,"column":9}},"212":{"start":{"line":395,"column":10},"end":{"line":395,"column":72}},"213":{"start":{"line":399,"column":4},"end":{"line":399,"column":20}},"214":{"start":{"line":404,"column":0},"end":{"line":404,"column":29}}},"fnMap":{"0":{"name":"(anonymous_0)","decl":{"start":{"line":4,"column":2},"end":{"line":4,"column":3}},"loc":{"start":{"line":4,"column":16},"end":{"line":25,"column":3}},"line":4},"1":{"name":"(anonymous_1)","decl":{"start":{"line":27,"column":2},"end":{"line":27,"column":3}},"loc":{"start":{"line":27,"column":62},"end":{"line":51,"column":3}},"line":27},"2":{"name":"(anonymous_2)","decl":{"start":{"line":53,"column":2},"end":{"line":53,"column":3}},"loc":{"start":{"line":53,"column":67},"end":{"line":74,"column":3}},"line":53},"3":{"name":"(anonymous_3)","decl":{"start":{"line":60,"column":47},"end":{"line":60,"column":48}},"loc":{"start":{"line":60,"column":56},"end":{"line":60,"column":101}},"line":60},"4":{"name":"(anonymous_4)","decl":{"start":{"line":63,"column":51},"end":{"line":63,"column":52}},"loc":{"start":{"line":63,"column":60},"end":{"line":63,"column":105}},"line":63},"5":{"name":"(anonymous_5)","decl":{"start":{"line":76,"column":2},"end":{"line":76,"column":3}},"loc":{"start":{"line":76,"column":58},"end":{"line":146,"column":3}},"line":76},"6":{"name":"(anonymous_6)","decl":{"start":{"line":82,"column":32},"end":{"line":82,"column":33}},"loc":{"start":{"line":82,"column":41},"end":{"line":82,"column":63}},"line":82},"7":{"name":"(anonymous_7)","decl":{"start":{"line":85,"column":18},"end":{"line":85,"column":19}},"loc":{"start":{"line":85,"column":28},"end":{"line":93,"column":5}},"line":85},"8":{"name":"(anonymous_8)","decl":{"start":{"line":88,"column":31},"end":{"line":88,"column":32}},"loc":{"start":{"line":89,"column":8},"end":{"line":89,"column":73}},"line":89},"9":{"name":"(anonymous_9)","decl":{"start":{"line":89,"column":28},"end":{"line":89,"column":29}},"loc":{"start":{"line":89,"column":47},"end":{"line":89,"column":72}},"line":89},"10":{"name":"(anonymous_10)","decl":{"start":{"line":148,"column":2},"end":{"line":148,"column":3}},"loc":{"start":{"line":148,"column":46},"end":{"line":158,"column":3}},"line":148},"11":{"name":"(anonymous_11)","decl":{"start":{"line":160,"column":2},"end":{"line":160,"column":3}},"loc":{"start":{"line":160,"column":76},"end":{"line":184,"column":3}},"line":160},"12":{"name":"(anonymous_12)","decl":{"start":{"line":177,"column":22},"end":{"line":177,"column":23}},"loc":{"start":{"line":177,"column":30},"end":{"line":181,"column":9}},"line":177},"13":{"name":"(anonymous_13)","decl":{"start":{"line":186,"column":2},"end":{"line":186,"column":3}},"loc":{"start":{"line":186,"column":24},"end":{"line":207,"column":3}},"line":186},"14":{"name":"(anonymous_14)","decl":{"start":{"line":209,"column":2},"end":{"line":209,"column":3}},"loc":{"start":{"line":209,"column":57},"end":{"line":251,"column":3}},"line":209},"15":{"name":"(anonymous_15)","decl":{"start":{"line":216,"column":39},"end":{"line":216,"column":40}},"loc":{"start":{"line":216,"column":47},"end":{"line":247,"column":11}},"line":216},"16":{"name":"(anonymous_16)","decl":{"start":{"line":239,"column":46},"end":{"line":239,"column":47}},"loc":{"start":{"line":239,"column":55},"end":{"line":239,"column":71}},"line":239},"17":{"name":"(anonymous_17)","decl":{"start":{"line":253,"column":2},"end":{"line":253,"column":3}},"loc":{"start":{"line":253,"column":35},"end":{"line":288,"column":3}},"line":253},"18":{"name":"(anonymous_18)","decl":{"start":{"line":258,"column":21},"end":{"line":258,"column":22}},"loc":{"start":{"line":258,"column":37},"end":{"line":262,"column":5}},"line":258},"19":{"name":"(anonymous_19)","decl":{"start":{"line":265,"column":32},"end":{"line":265,"column":33}},"loc":{"start":{"line":265,"column":41},"end":{"line":265,"column":57}},"line":265},"20":{"name":"(anonymous_20)","decl":{"start":{"line":290,"column":2},"end":{"line":290,"column":3}},"loc":{"start":{"line":290,"column":28},"end":{"line":310,"column":3}},"line":290},"21":{"name":"(anonymous_21)","decl":{"start":{"line":292,"column":27},"end":{"line":292,"column":28}},"loc":{"start":{"line":292,"column":36},"end":{"line":292,"column":52}},"line":292},"22":{"name":"(anonymous_22)","decl":{"start":{"line":293,"column":27},"end":{"line":293,"column":28}},"loc":{"start":{"line":293,"column":36},"end":{"line":293,"column":52}},"line":293},"23":{"name":"(anonymous_23)","decl":{"start":{"line":296,"column":18},"end":{"line":296,"column":19}},"loc":{"start":{"line":296,"column":27},"end":{"line":302,"column":5}},"line":296},"24":{"name":"(anonymous_24)","decl":{"start":{"line":303,"column":18},"end":{"line":303,"column":19}},"loc":{"start":{"line":303,"column":27},"end":{"line":307,"column":5}},"line":303},"25":{"name":"(anonymous_25)","decl":{"start":{"line":312,"column":2},"end":{"line":312,"column":3}},"loc":{"start":{"line":312,"column":21},"end":{"line":324,"column":3}},"line":312},"26":{"name":"(anonymous_26)","decl":{"start":{"line":326,"column":2},"end":{"line":326,"column":3}},"loc":{"start":{"line":326,"column":33},"end":{"line":388,"column":3}},"line":326},"27":{"name":"(anonymous_27)","decl":{"start":{"line":342,"column":30},"end":{"line":342,"column":31}},"loc":{"start":{"line":342,"column":40},"end":{"line":342,"column":82}},"line":342},"28":{"name":"(anonymous_28)","decl":{"start":{"line":342,"column":53},"end":{"line":342,"column":54}},"loc":{"start":{"line":342,"column":62},"end":{"line":342,"column":81}},"line":342},"29":{"name":"(anonymous_29)","decl":{"start":{"line":350,"column":23},"end":{"line":350,"column":24}},"loc":{"start":{"line":350,"column":32},"end":{"line":370,"column":9}},"line":350},"30":{"name":"(anonymous_30)","decl":{"start":{"line":352,"column":26},"end":{"line":352,"column":27}},"loc":{"start":{"line":352,"column":36},"end":{"line":354,"column":11}},"line":352},"31":{"name":"(anonymous_31)","decl":{"start":{"line":390,"column":2},"end":{"line":390,"column":3}},"loc":{"start":{"line":390,"column":37},"end":{"line":400,"column":3}},"line":390}},"branchMap":{"0":{"loc":{"start":{"line":36,"column":4},"end":{"line":38,"column":5}},"type":"if","locations":[{"start":{"line":36,"column":4},"end":{"line":38,"column":5}},{"start":{},"end":{}}],"line":36},"1":{"loc":{"start":{"line":41,"column":20},"end":{"line":41,"column":50}},"type":"binary-expr","locations":[{"start":{"line":41,"column":20},"end":{"line":41,"column":24}},{"start":{"line":41,"column":28},"end":{"line":41,"column":50}}],"line":41},"2":{"loc":{"start":{"line":43,"column":25},"end":{"line":43,"column":50}},"type":"cond-expr","locations":[{"start":{"line":43,"column":32},"end":{"line":43,"column":39}},{"start":{"line":43,"column":41},"end":{"line":43,"column":50}}],"line":43},"3":{"loc":{"start":{"line":45,"column":6},"end":{"line":47,"column":7}},"type":"if","locations":[{"start":{"line":45,"column":6},"end":{"line":47,"column":7}},{"start":{},"end":{}}],"line":45},"4":{"loc":{"start":{"line":56,"column":24},"end":{"line":56,"column":101}},"type":"cond-expr","locations":[{"start":{"line":56,"column":43},"end":{"line":56,"column":67}},{"start":{"line":56,"column":69},"end":{"line":56,"column":101}}],"line":56},"5":{"loc":{"start":{"line":56,"column":69},"end":{"line":56,"column":101}},"type":"cond-expr","locations":[{"start":{"line":56,"column":87},"end":{"line":56,"column":97}},{"start":{"line":56,"column":99},"end":{"line":56,"column":101}}],"line":56},"6":{"loc":{"start":{"line":57,"column":22},"end":{"line":57,"column":113}},"type":"cond-expr","locations":[{"start":{"line":57,"column":70},"end":{"line":57,"column":79}},{"start":{"line":57,"column":81},"end":{"line":57,"column":113}}],"line":57},"7":{"loc":{"start":{"line":57,"column":23},"end":{"line":57,"column":67}},"type":"binary-expr","locations":[{"start":{"line":57,"column":23},"end":{"line":57,"column":44}},{"start":{"line":57,"column":48},"end":{"line":57,"column":67}}],"line":57},"8":{"loc":{"start":{"line":57,"column":81},"end":{"line":57,"column":113}},"type":"cond-expr","locations":[{"start":{"line":57,"column":101},"end":{"line":57,"column":109}},{"start":{"line":57,"column":111},"end":{"line":57,"column":113}}],"line":57},"9":{"loc":{"start":{"line":60,"column":4},"end":{"line":62,"column":5}},"type":"if","locations":[{"start":{"line":60,"column":4},"end":{"line":62,"column":5}},{"start":{},"end":{}}],"line":60},"10":{"loc":{"start":{"line":60,"column":8},"end":{"line":60,"column":102}},"type":"binary-expr","locations":[{"start":{"line":60,"column":8},"end":{"line":60,"column":28}},{"start":{"line":60,"column":32},"end":{"line":60,"column":102}}],"line":60},"11":{"loc":{"start":{"line":63,"column":4},"end":{"line":65,"column":5}},"type":"if","locations":[{"start":{"line":63,"column":4},"end":{"line":65,"column":5}},{"start":{},"end":{}}],"line":63},"12":{"loc":{"start":{"line":63,"column":8},"end":{"line":63,"column":106}},"type":"binary-expr","locations":[{"start":{"line":63,"column":8},"end":{"line":63,"column":30}},{"start":{"line":63,"column":34},"end":{"line":63,"column":106}}],"line":63},"13":{"loc":{"start":{"line":66,"column":20},"end":{"line":66,"column":37}},"type":"binary-expr","locations":[{"start":{"line":66,"column":20},"end":{"line":66,"column":24}},{"start":{"line":66,"column":28},"end":{"line":66,"column":37}}],"line":66},"14":{"loc":{"start":{"line":68,"column":6},"end":{"line":70,"column":7}},"type":"if","locations":[{"start":{"line":68,"column":6},"end":{"line":70,"column":7}},{"start":{},"end":{}}],"line":68},"15":{"loc":{"start":{"line":68,"column":10},"end":{"line":68,"column":98}},"type":"binary-expr","locations":[{"start":{"line":68,"column":12},"end":{"line":68,"column":27}},{"start":{"line":68,"column":32},"end":{"line":68,"column":57}},{"start":{"line":68,"column":62},"end":{"line":68,"column":98}}],"line":68},"16":{"loc":{"start":{"line":88,"column":6},"end":{"line":92,"column":7}},"type":"if","locations":[{"start":{"line":88,"column":6},"end":{"line":92,"column":7}},{"start":{},"end":{}}],"line":88},"17":{"loc":{"start":{"line":95,"column":4},"end":{"line":97,"column":5}},"type":"if","locations":[{"start":{"line":95,"column":4},"end":{"line":97,"column":5}},{"start":{},"end":{}}],"line":95},"18":{"loc":{"start":{"line":95,"column":8},"end":{"line":95,"column":30}},"type":"binary-expr","locations":[{"start":{"line":95,"column":8},"end":{"line":95,"column":19}},{"start":{"line":95,"column":23},"end":{"line":95,"column":30}}],"line":95},"19":{"loc":{"start":{"line":99,"column":4},"end":{"line":143,"column":5}},"type":"if","locations":[{"start":{"line":99,"column":4},"end":{"line":143,"column":5}},{"start":{},"end":{}}],"line":99},"20":{"loc":{"start":{"line":109,"column":6},"end":{"line":113,"column":7}},"type":"if","locations":[{"start":{"line":109,"column":6},"end":{"line":113,"column":7}},{"start":{"line":111,"column":13},"end":{"line":113,"column":7}}],"line":109},"21":{"loc":{"start":{"line":116,"column":22},"end":{"line":116,"column":55}},"type":"binary-expr","locations":[{"start":{"line":116,"column":22},"end":{"line":116,"column":44}},{"start":{"line":116,"column":48},"end":{"line":116,"column":55}}],"line":116},"22":{"loc":{"start":{"line":119,"column":8},"end":{"line":135,"column":9}},"type":"if","locations":[{"start":{"line":119,"column":8},"end":{"line":135,"column":9}},{"start":{"line":126,"column":15},"end":{"line":135,"column":9}}],"line":119},"23":{"loc":{"start":{"line":122,"column":10},"end":{"line":124,"column":11}},"type":"if","locations":[{"start":{"line":122,"column":10},"end":{"line":124,"column":11}},{"start":{},"end":{}}],"line":122},"24":{"loc":{"start":{"line":127,"column":10},"end":{"line":129,"column":11}},"type":"if","locations":[{"start":{"line":127,"column":10},"end":{"line":129,"column":11}},{"start":{},"end":{}}],"line":127},"25":{"loc":{"start":{"line":131,"column":10},"end":{"line":133,"column":11}},"type":"if","locations":[{"start":{"line":131,"column":10},"end":{"line":133,"column":11}},{"start":{},"end":{}}],"line":131},"26":{"loc":{"start":{"line":131,"column":14},"end":{"line":131,"column":45}},"type":"binary-expr","locations":[{"start":{"line":131,"column":14},"end":{"line":131,"column":28}},{"start":{"line":131,"column":32},"end":{"line":131,"column":45}}],"line":131},"27":{"loc":{"start":{"line":137,"column":8},"end":{"line":139,"column":9}},"type":"if","locations":[{"start":{"line":137,"column":8},"end":{"line":139,"column":9}},{"start":{},"end":{}}],"line":137},"28":{"loc":{"start":{"line":152,"column":6},"end":{"line":154,"column":7}},"type":"if","locations":[{"start":{"line":152,"column":6},"end":{"line":154,"column":7}},{"start":{},"end":{}}],"line":152},"29":{"loc":{"start":{"line":165,"column":4},"end":{"line":183,"column":5}},"type":"if","locations":[{"start":{"line":165,"column":4},"end":{"line":183,"column":5}},{"start":{"line":175,"column":11},"end":{"line":183,"column":5}}],"line":165},"30":{"loc":{"start":{"line":170,"column":8},"end":{"line":173,"column":9}},"type":"if","locations":[{"start":{"line":170,"column":8},"end":{"line":173,"column":9}},{"start":{},"end":{}}],"line":170},"31":{"loc":{"start":{"line":176,"column":6},"end":{"line":182,"column":7}},"type":"if","locations":[{"start":{"line":176,"column":6},"end":{"line":182,"column":7}},{"start":{},"end":{}}],"line":176},"32":{"loc":{"start":{"line":188,"column":4},"end":{"line":204,"column":5}},"type":"if","locations":[{"start":{"line":188,"column":4},"end":{"line":204,"column":5}},{"start":{"line":190,"column":11},"end":{"line":204,"column":5}}],"line":188},"33":{"loc":{"start":{"line":193,"column":8},"end":{"line":195,"column":9}},"type":"if","locations":[{"start":{"line":193,"column":8},"end":{"line":195,"column":9}},{"start":{},"end":{}}],"line":193},"34":{"loc":{"start":{"line":193,"column":12},"end":{"line":193,"column":62}},"type":"binary-expr","locations":[{"start":{"line":193,"column":12},"end":{"line":193,"column":26}},{"start":{"line":193,"column":30},"end":{"line":193,"column":44}},{"start":{"line":193,"column":48},"end":{"line":193,"column":62}}],"line":193},"35":{"loc":{"start":{"line":196,"column":8},"end":{"line":198,"column":9}},"type":"if","locations":[{"start":{"line":196,"column":8},"end":{"line":198,"column":9}},{"start":{},"end":{}}],"line":196},"36":{"loc":{"start":{"line":196,"column":12},"end":{"line":196,"column":62}},"type":"binary-expr","locations":[{"start":{"line":196,"column":12},"end":{"line":196,"column":26}},{"start":{"line":196,"column":30},"end":{"line":196,"column":44}},{"start":{"line":196,"column":48},"end":{"line":196,"column":62}}],"line":196},"37":{"loc":{"start":{"line":199,"column":8},"end":{"line":201,"column":9}},"type":"if","locations":[{"start":{"line":199,"column":8},"end":{"line":201,"column":9}},{"start":{},"end":{}}],"line":199},"38":{"loc":{"start":{"line":199,"column":12},"end":{"line":199,"column":62}},"type":"binary-expr","locations":[{"start":{"line":199,"column":12},"end":{"line":199,"column":26}},{"start":{"line":199,"column":30},"end":{"line":199,"column":44}},{"start":{"line":199,"column":48},"end":{"line":199,"column":62}}],"line":199},"39":{"loc":{"start":{"line":214,"column":6},"end":{"line":249,"column":7}},"type":"if","locations":[{"start":{"line":214,"column":6},"end":{"line":249,"column":7}},{"start":{},"end":{}}],"line":214},"40":{"loc":{"start":{"line":222,"column":19},"end":{"line":222,"column":69}},"type":"binary-expr","locations":[{"start":{"line":222,"column":19},"end":{"line":222,"column":27}},{"start":{"line":222,"column":31},"end":{"line":222,"column":56}},{"start":{"line":222,"column":60},"end":{"line":222,"column":69}}],"line":222},"41":{"loc":{"start":{"line":223,"column":14},"end":{"line":229,"column":15}},"type":"if","locations":[{"start":{"line":223,"column":14},"end":{"line":229,"column":15}},{"start":{},"end":{}}],"line":223},"42":{"loc":{"start":{"line":225,"column":16},"end":{"line":228,"column":17}},"type":"if","locations":[{"start":{"line":225,"column":16},"end":{"line":228,"column":17}},{"start":{},"end":{}}],"line":225},"43":{"loc":{"start":{"line":235,"column":12},"end":{"line":237,"column":13}},"type":"if","locations":[{"start":{"line":235,"column":12},"end":{"line":237,"column":13}},{"start":{},"end":{}}],"line":235},"44":{"loc":{"start":{"line":235,"column":16},"end":{"line":235,"column":65}},"type":"binary-expr","locations":[{"start":{"line":235,"column":16},"end":{"line":235,"column":33}},{"start":{"line":235,"column":37},"end":{"line":235,"column":65}}],"line":235},"45":{"loc":{"start":{"line":242,"column":12},"end":{"line":246,"column":13}},"type":"if","locations":[{"start":{"line":242,"column":12},"end":{"line":246,"column":13}},{"start":{"line":244,"column":19},"end":{"line":246,"column":13}}],"line":242},"46":{"loc":{"start":{"line":242,"column":16},"end":{"line":242,"column":47}},"type":"binary-expr","locations":[{"start":{"line":242,"column":16},"end":{"line":242,"column":28}},{"start":{"line":242,"column":32},"end":{"line":242,"column":47}}],"line":242},"47":{"loc":{"start":{"line":259,"column":6},"end":{"line":261,"column":7}},"type":"if","locations":[{"start":{"line":259,"column":6},"end":{"line":261,"column":7}},{"start":{},"end":{}}],"line":259},"48":{"loc":{"start":{"line":266,"column":4},"end":{"line":274,"column":5}},"type":"if","locations":[{"start":{"line":266,"column":4},"end":{"line":274,"column":5}},{"start":{"line":270,"column":11},"end":{"line":274,"column":5}}],"line":266},"49":{"loc":{"start":{"line":278,"column":6},"end":{"line":284,"column":7}},"type":"if","locations":[{"start":{"line":278,"column":6},"end":{"line":284,"column":7}},{"start":{},"end":{}}],"line":278},"50":{"loc":{"start":{"line":280,"column":8},"end":{"line":282,"column":9}},"type":"if","locations":[{"start":{"line":280,"column":8},"end":{"line":282,"column":9}},{"start":{},"end":{}}],"line":280},"51":{"loc":{"start":{"line":297,"column":6},"end":{"line":301,"column":7}},"type":"if","locations":[{"start":{"line":297,"column":6},"end":{"line":301,"column":7}},{"start":{"line":299,"column":13},"end":{"line":301,"column":7}}],"line":297},"52":{"loc":{"start":{"line":304,"column":6},"end":{"line":306,"column":7}},"type":"if","locations":[{"start":{"line":304,"column":6},"end":{"line":306,"column":7}},{"start":{},"end":{}}],"line":304},"53":{"loc":{"start":{"line":313,"column":4},"end":{"line":323,"column":5}},"type":"if","locations":[{"start":{"line":313,"column":4},"end":{"line":323,"column":5}},{"start":{"line":321,"column":11},"end":{"line":323,"column":5}}],"line":313},"54":{"loc":{"start":{"line":314,"column":6},"end":{"line":320,"column":7}},"type":"if","locations":[{"start":{"line":314,"column":6},"end":{"line":320,"column":7}},{"start":{"line":316,"column":13},"end":{"line":320,"column":7}}],"line":314},"55":{"loc":{"start":{"line":316,"column":13},"end":{"line":320,"column":7}},"type":"if","locations":[{"start":{"line":316,"column":13},"end":{"line":320,"column":7}},{"start":{"line":318,"column":13},"end":{"line":320,"column":7}}],"line":316},"56":{"loc":{"start":{"line":381,"column":6},"end":{"line":383,"column":7}},"type":"if","locations":[{"start":{"line":381,"column":6},"end":{"line":383,"column":7}},{"start":{},"end":{}}],"line":381},"57":{"loc":{"start":{"line":394,"column":8},"end":{"line":396,"column":9}},"type":"if","locations":[{"start":{"line":394,"column":8},"end":{"line":396,"column":9}},{"start":{},"end":{}}],"line":394}},"s":{"0":1,"1":0,"2":0,"3":0,"4":0,"5":0,"6":0,"7":0,"8":0,"9":0,"10":0,"11":0,"12":0,"13":0,"14":0,"15":0,"16":0,"17":0,"18":0,"19":0,"20":0,"21":0,"22":0,"23":0,"24":0,"25":0,"26":0,"27":0,"28":0,"29":0,"30":0,"31":0,"32":0,"33":0,"34":0,"35":0,"36":0,"37":0,"38":0,"39":0,"40":0,"41":0,"42":0,"43":0,"44":0,"45":0,"46":0,"47":0,"48":0,"49":0,"50":0,"51":0,"52":0,"53":0,"54":0,"55":0,"56":0,"57":0,"58":0,"59":0,"60":0,"61":0,"62":0,"63":0,"64":0,"65":0,"66":0,"67":0,"68":0,"69":0,"70":0,"71":0,"72":0,"73":0,"74":0,"75":0,"76":0,"77":0,"78":0,"79":0,"80":0,"81":0,"82":0,"83":0,"84":0,"85":0,"86":0,"87":0,"88":0,"89":0,"90":0,"91":0,"92":0,"93":0,"94":0,"95":0,"96":0,"97":0,"98":0,"99":0,"100":0,"101":0,"102":0,"103":0,"104":0,"105":0,"106":0,"107":0,"108":0,"109":0,"110":0,"111":0,"112":0,"113":0,"114":0,"115":0,"116":0,"117":0,"118":0,"119":0,"120":0,"121":0,"122":0,"123":0,"124":0,"125":0,"126":0,"127":0,"128":0,"129":0,"130":0,"131":0,"132":0,"133":0,"134":0,"135":0,"136":0,"137":0,"138":0,"139":0,"140":0,"141":0,"142":0,"143":0,"144":0,"145":0,"146":0,"147":0,"148":0,"149":0,"150":0,"151":0,"152":0,"153":405,"154":1620,"155":405,"156":1620,"157":405,"158":405,"159":405,"160":1620,"161":929,"162":691,"163":405,"164":1620,"165":691,"166":405,"167":0,"168":0,"169":0,"170":0,"171":0,"172":0,"173":0,"174":1,"175":1,"176":1,"177":5,"178":5,"179":5,"180":5,"181":25,"182":25,"183":25,"184":25,"185":75,"186":75,"187":75,"188":75,"189":75,"190":0,"191":0,"192":75,"193":25,"194":125,"195":125,"196":375,"197":125,"198":125,"199":5,"200":1,"201":1,"202":1,"203":4,"204":1,"205":1,"206":5,"207":5,"208":5,"209":15,"210":15,"211":45,"212":30,"213":5,"214":1},"f":{"0":0,"1":0,"2":0,"3":0,"4":0,"5":0,"6":0,"7":0,"8":0,"9":0,"10":0,"11":0,"12":0,"13":0,"14":0,"15":0,"16":0,"17":0,"18":0,"19":0,"20":405,"21":1620,"22":1620,"23":1620,"24":1620,"25":0,"26":1,"27":75,"28":75,"29":125,"30":375,"31":5},"b":{"0":[0,0],"1":[0,0],"2":[0,0],"3":[0,0],"4":[0,0],"5":[0,0],"6":[0,0],"7":[0,0],"8":[0,0],"9":[0,0],"10":[0,0],"11":[0,0],"12":[0,0],"13":[0,0],"14":[0,0],"15":[0,0,0],"16":[0,0],"17":[0,0],"18":[0,0],"19":[0,0],"20":[0,0],"21":[0,0],"22":[0,0],"23":[0,0],"24":[0,0],"25":[0,0],"26":[0,0],"27":[0,0],"28":[0,0],"29":[0,0],"30":[0,0],"31":[0,0],"32":[0,0],"33":[0,0],"34":[0,0,0],"35":[0,0],"36":[0,0,0],"37":[0,0],"38":[0,0,0],"39":[0,0],"40":[0,0,0],"41":[0,0],"42":[0,0],"43":[0,0],"44":[0,0],"45":[0,0],"46":[0,0],"47":[0,0],"48":[0,0],"49":[0,0],"50":[0,0],"51":[929,691],"52":[691,929],"53":[0,0],"54":[0,0],"55":[0,0],"56":[1,3],"57":[30,15]},"_coverageSchema":"1a1c01bbd47fc00a2c39e90264f33305004495a9","hash":"0b1841a9dd482180e371b965b99a8a28b986f4e2"}
,"C:\\Users\\benwa\\OneDrive\\Desktop\\MoreWeight\\Development\\backend\\src\\staticData.js": {"path":"C:\\Users\\benwa\\OneDrive\\Desktop\\MoreWeight\\Development\\backend\\src\\staticData.js","statementMap":{"0":{"start":{"line":1,"column":19},"end":{"line":1853,"column":3}},"1":{"start":{"line":1855,"column":2},"end":{"line":1855,"column":30}}},"fnMap":{},"branchMap":{},"s":{"0":1,"1":1},"f":{},"b":{},"_coverageSchema":"1a1c01bbd47fc00a2c39e90264f33305004495a9","hash":"071cb3532c4987f133e0a524c7eb86b67c20961e"}
}
