{"C:\\Users\\benwa\\OneDrive\\Desktop\\MoreWeight\\Development\\backend\\src\\routineClass.js": {"path":"C:\\Users\\benwa\\OneDrive\\Desktop\\MoreWeight\\Development\\backend\\src\\routineClass.js","statementMap":{"0":{"start":{"line":1,"column":19},"end":{"line":1,"column":42}},"1":{"start":{"line":5,"column":4},"end":{"line":5,"column":27}},"2":{"start":{"line":6,"column":4},"end":{"line":6,"column":27}},"3":{"start":{"line":7,"column":4},"end":{"line":7,"column":31}},"4":{"start":{"line":8,"column":4},"end":{"line":8,"column":22}},"5":{"start":{"line":9,"column":4},"end":{"line":9,"column":22}},"6":{"start":{"line":10,"column":4},"end":{"line":17,"column":6}},"7":{"start":{"line":11,"column":6},"end":{"line":16,"column":8}},"8":{"start":{"line":21,"column":23},"end":{"line":21,"column":44}},"9":{"start":{"line":22,"column":23},"end":{"line":22,"column":43}},"10":{"start":{"line":23,"column":26},"end":{"line":23,"column":50}},"11":{"start":{"line":25,"column":20},"end":{"line":25,"column":44}},"12":{"start":{"line":26,"column":4},"end":{"line":56,"column":6}},"13":{"start":{"line":27,"column":21},"end":{"line":27,"column":89}},"14":{"start":{"line":29,"column":6},"end":{"line":55,"column":8}},"15":{"start":{"line":30,"column":8},"end":{"line":54,"column":9}},"16":{"start":{"line":31,"column":10},"end":{"line":31,"column":44}},"17":{"start":{"line":33,"column":13},"end":{"line":54,"column":9}},"18":{"start":{"line":34,"column":10},"end":{"line":34,"column":42}},"19":{"start":{"line":36,"column":13},"end":{"line":54,"column":9}},"20":{"start":{"line":37,"column":10},"end":{"line":37,"column":42}},"21":{"start":{"line":39,"column":13},"end":{"line":54,"column":9}},"22":{"start":{"line":40,"column":10},"end":{"line":40,"column":41}},"23":{"start":{"line":42,"column":13},"end":{"line":54,"column":9}},"24":{"start":{"line":43,"column":10},"end":{"line":43,"column":41}},"25":{"start":{"line":45,"column":13},"end":{"line":54,"column":9}},"26":{"start":{"line":46,"column":10},"end":{"line":46,"column":39}},"27":{"start":{"line":47,"column":15},"end":{"line":54,"column":9}},"28":{"start":{"line":48,"column":10},"end":{"line":48,"column":37}},"29":{"start":{"line":49,"column":15},"end":{"line":54,"column":9}},"30":{"start":{"line":50,"column":10},"end":{"line":50,"column":42}},"31":{"start":{"line":53,"column":10},"end":{"line":53,"column":119}},"32":{"start":{"line":53,"column":77},"end":{"line":53,"column":113}},"33":{"start":{"line":58,"column":4},"end":{"line":58,"column":21}},"34":{"start":{"line":62,"column":19},"end":{"line":62,"column":36}},"35":{"start":{"line":63,"column":24},"end":{"line":63,"column":45}},"36":{"start":{"line":65,"column":19},"end":{"line":65,"column":21}},"37":{"start":{"line":66,"column":4},"end":{"line":79,"column":5}},"38":{"start":{"line":66,"column":17},"end":{"line":66,"column":18}},"39":{"start":{"line":67,"column":25},"end":{"line":67,"column":69}},"40":{"start":{"line":68,"column":25},"end":{"line":68,"column":69}},"41":{"start":{"line":69,"column":25},"end":{"line":69,"column":27}},"42":{"start":{"line":70,"column":25},"end":{"line":70,"column":27}},"43":{"start":{"line":71,"column":25},"end":{"line":71,"column":90}},"44":{"start":{"line":72,"column":6},"end":{"line":72,"column":73}},"45":{"start":{"line":73,"column":6},"end":{"line":75,"column":7}},"46":{"start":{"line":73,"column":30},"end":{"line":73,"column":58}},"47":{"start":{"line":74,"column":8},"end":{"line":74,"column":24}},"48":{"start":{"line":76,"column":6},"end":{"line":78,"column":7}},"49":{"start":{"line":76,"column":30},"end":{"line":76,"column":58}},"50":{"start":{"line":77,"column":8},"end":{"line":77,"column":40}},"51":{"start":{"line":81,"column":4},"end":{"line":81,"column":20}},"52":{"start":{"line":85,"column":21},"end":{"line":85,"column":22}},"53":{"start":{"line":86,"column":23},"end":{"line":86,"column":44}},"54":{"start":{"line":87,"column":26},"end":{"line":87,"column":46}},"55":{"start":{"line":88,"column":21},"end":{"line":88,"column":40}},"56":{"start":{"line":89,"column":25},"end":{"line":89,"column":45}},"57":{"start":{"line":91,"column":18},"end":{"line":91,"column":20}},"58":{"start":{"line":92,"column":4},"end":{"line":94,"column":5}},"59":{"start":{"line":92,"column":17},"end":{"line":92,"column":18}},"60":{"start":{"line":93,"column":6},"end":{"line":93,"column":57}},"61":{"start":{"line":96,"column":4},"end":{"line":137,"column":9}},"62":{"start":{"line":97,"column":24},"end":{"line":97,"column":44}},"63":{"start":{"line":99,"column":38},"end":{"line":99,"column":84}},"64":{"start":{"line":100,"column":23},"end":{"line":100,"column":39}},"65":{"start":{"line":101,"column":26},"end":{"line":101,"column":89}},"66":{"start":{"line":102,"column":20},"end":{"line":102,"column":37}},"67":{"start":{"line":104,"column":6},"end":{"line":136,"column":7}},"68":{"start":{"line":104,"column":19},"end":{"line":104,"column":20}},"69":{"start":{"line":105,"column":25},"end":{"line":105,"column":39}},"70":{"start":{"line":106,"column":24},"end":{"line":106,"column":25}},"71":{"start":{"line":107,"column":25},"end":{"line":107,"column":61}},"72":{"start":{"line":108,"column":26},"end":{"line":108,"column":27}},"73":{"start":{"line":110,"column":8},"end":{"line":135,"column":9}},"74":{"start":{"line":112,"column":25},"end":{"line":112,"column":53}},"75":{"start":{"line":113,"column":31},"end":{"line":113,"column":54}},"76":{"start":{"line":114,"column":25},"end":{"line":114,"column":81}},"77":{"start":{"line":115,"column":27},"end":{"line":115,"column":64}},"78":{"start":{"line":116,"column":27},"end":{"line":116,"column":64}},"79":{"start":{"line":117,"column":31},"end":{"line":117,"column":87}},"80":{"start":{"line":119,"column":10},"end":{"line":119,"column":36}},"81":{"start":{"line":120,"column":25},"end":{"line":120,"column":28}},"82":{"start":{"line":121,"column":10},"end":{"line":123,"column":11}},"83":{"start":{"line":122,"column":12},"end":{"line":122,"column":49}},"84":{"start":{"line":125,"column":10},"end":{"line":132,"column":12}},"85":{"start":{"line":134,"column":10},"end":{"line":134,"column":24}},"86":{"start":{"line":142,"column":15},"end":{"line":142,"column":16}},"87":{"start":{"line":143,"column":4},"end":{"line":147,"column":5}},"88":{"start":{"line":143,"column":17},"end":{"line":143,"column":18}},"89":{"start":{"line":144,"column":16},"end":{"line":144,"column":26}},"90":{"start":{"line":145,"column":19},"end":{"line":145,"column":32}},"91":{"start":{"line":146,"column":6},"end":{"line":146,"column":63}},"92":{"start":{"line":149,"column":4},"end":{"line":149,"column":16}},"93":{"start":{"line":153,"column":21},"end":{"line":153,"column":22}},"94":{"start":{"line":154,"column":22},"end":{"line":154,"column":24}},"95":{"start":{"line":155,"column":19},"end":{"line":155,"column":21}},"96":{"start":{"line":158,"column":4},"end":{"line":173,"column":5}},"97":{"start":{"line":158,"column":17},"end":{"line":158,"column":18}},"98":{"start":{"line":159,"column":6},"end":{"line":172,"column":7}},"99":{"start":{"line":160,"column":8},"end":{"line":160,"column":28}},"100":{"start":{"line":163,"column":24},"end":{"line":163,"column":29}},"101":{"start":{"line":164,"column":20},"end":{"line":164,"column":21}},"102":{"start":{"line":165,"column":8},"end":{"line":171,"column":9}},"103":{"start":{"line":166,"column":10},"end":{"line":169,"column":11}},"104":{"start":{"line":167,"column":12},"end":{"line":167,"column":29}},"105":{"start":{"line":168,"column":12},"end":{"line":168,"column":32}},"106":{"start":{"line":170,"column":10},"end":{"line":170,"column":18}},"107":{"start":{"line":176,"column":19},"end":{"line":176,"column":74}},"108":{"start":{"line":176,"column":51},"end":{"line":176,"column":73}},"109":{"start":{"line":177,"column":4},"end":{"line":177,"column":41}},"110":{"start":{"line":177,"column":28},"end":{"line":177,"column":39}},"111":{"start":{"line":178,"column":4},"end":{"line":178,"column":48}},"112":{"start":{"line":178,"column":39},"end":{"line":178,"column":46}},"113":{"start":{"line":179,"column":4},"end":{"line":179,"column":45}},"114":{"start":{"line":179,"column":36},"end":{"line":179,"column":43}},"115":{"start":{"line":181,"column":4},"end":{"line":181,"column":35}},"116":{"start":{"line":185,"column":17},"end":{"line":185,"column":74}},"117":{"start":{"line":185,"column":45},"end":{"line":185,"column":54}},"118":{"start":{"line":186,"column":31},"end":{"line":186,"column":73}},"119":{"start":{"line":186,"column":49},"end":{"line":186,"column":72}},"120":{"start":{"line":187,"column":34},"end":{"line":187,"column":115}},"121":{"start":{"line":187,"column":74},"end":{"line":187,"column":83}},"122":{"start":{"line":188,"column":30},"end":{"line":188,"column":62}},"123":{"start":{"line":190,"column":4},"end":{"line":190,"column":29}},"124":{"start":{"line":194,"column":21},"end":{"line":194,"column":22}},"125":{"start":{"line":195,"column":23},"end":{"line":195,"column":44}},"126":{"start":{"line":196,"column":26},"end":{"line":196,"column":46}},"127":{"start":{"line":197,"column":25},"end":{"line":197,"column":45}},"128":{"start":{"line":198,"column":27},"end":{"line":198,"column":51}},"129":{"start":{"line":199,"column":21},"end":{"line":199,"column":40}},"130":{"start":{"line":201,"column":20},"end":{"line":201,"column":47}},"131":{"start":{"line":202,"column":4},"end":{"line":206,"column":6}},"132":{"start":{"line":203,"column":6},"end":{"line":205,"column":8}},"133":{"start":{"line":204,"column":8},"end":{"line":204,"column":46}},"134":{"start":{"line":208,"column":15},"end":{"line":208,"column":55}},"135":{"start":{"line":209,"column":19},"end":{"line":209,"column":56}},"136":{"start":{"line":210,"column":18},"end":{"line":210,"column":45}},"137":{"start":{"line":212,"column":16},"end":{"line":212,"column":17}},"138":{"start":{"line":213,"column":4},"end":{"line":295,"column":5}},"139":{"start":{"line":213,"column":70},"end":{"line":213,"column":135}},"140":{"start":{"line":216,"column":6},"end":{"line":220,"column":7}},"141":{"start":{"line":217,"column":8},"end":{"line":217,"column":46}},"142":{"start":{"line":218,"column":8},"end":{"line":218,"column":57}},"143":{"start":{"line":219,"column":8},"end":{"line":219,"column":56}},"144":{"start":{"line":222,"column":6},"end":{"line":293,"column":7}},"145":{"start":{"line":222,"column":19},"end":{"line":222,"column":40}},"146":{"start":{"line":223,"column":22},"end":{"line":223,"column":35}},"147":{"start":{"line":224,"column":40},"end":{"line":224,"column":86}},"148":{"start":{"line":225,"column":23},"end":{"line":225,"column":82}},"149":{"start":{"line":226,"column":21},"end":{"line":226,"column":35}},"150":{"start":{"line":226,"column":50},"end":{"line":226,"column":64}},"151":{"start":{"line":229,"column":8},"end":{"line":232,"column":10}},"152":{"start":{"line":230,"column":10},"end":{"line":230,"column":180}},"153":{"start":{"line":230,"column":104},"end":{"line":230,"column":154}},"154":{"start":{"line":231,"column":10},"end":{"line":231,"column":67}},"155":{"start":{"line":235,"column":27},"end":{"line":237,"column":10}},"156":{"start":{"line":236,"column":10},"end":{"line":236,"column":67}},"157":{"start":{"line":239,"column":27},"end":{"line":241,"column":10}},"158":{"start":{"line":240,"column":10},"end":{"line":240,"column":67}},"159":{"start":{"line":243,"column":22},"end":{"line":243,"column":62}},"160":{"start":{"line":244,"column":22},"end":{"line":244,"column":59}},"161":{"start":{"line":245,"column":21},"end":{"line":245,"column":48}},"162":{"start":{"line":245,"column":63},"end":{"line":245,"column":64}},"163":{"start":{"line":248,"column":20},"end":{"line":248,"column":31}},"164":{"start":{"line":249,"column":8},"end":{"line":286,"column":9}},"165":{"start":{"line":251,"column":10},"end":{"line":251,"column":47}},"166":{"start":{"line":252,"column":10},"end":{"line":252,"column":61}},"167":{"start":{"line":255,"column":29},"end":{"line":255,"column":66}},"168":{"start":{"line":256,"column":10},"end":{"line":258,"column":11}},"169":{"start":{"line":257,"column":12},"end":{"line":257,"column":51}},"170":{"start":{"line":259,"column":26},"end":{"line":259,"column":65}},"171":{"start":{"line":261,"column":29},"end":{"line":261,"column":62}},"172":{"start":{"line":262,"column":32},"end":{"line":264,"column":15}},"173":{"start":{"line":262,"column":95},"end":{"line":264,"column":11}},"174":{"start":{"line":263,"column":12},"end":{"line":263,"column":39}},"175":{"start":{"line":265,"column":25},"end":{"line":265,"column":97}},"176":{"start":{"line":266,"column":27},"end":{"line":266,"column":127}},"177":{"start":{"line":268,"column":24},"end":{"line":275,"column":11}},"178":{"start":{"line":276,"column":10},"end":{"line":276,"column":35}},"179":{"start":{"line":278,"column":10},"end":{"line":283,"column":11}},"180":{"start":{"line":279,"column":12},"end":{"line":279,"column":50}},"181":{"start":{"line":280,"column":12},"end":{"line":280,"column":48}},"182":{"start":{"line":281,"column":12},"end":{"line":281,"column":55}},"183":{"start":{"line":282,"column":12},"end":{"line":282,"column":141}},"184":{"start":{"line":282,"column":100},"end":{"line":282,"column":135}},"185":{"start":{"line":285,"column":10},"end":{"line":285,"column":47}},"186":{"start":{"line":289,"column":8},"end":{"line":292,"column":9}},"187":{"start":{"line":290,"column":10},"end":{"line":290,"column":61}},"188":{"start":{"line":291,"column":10},"end":{"line":291,"column":58}},"189":{"start":{"line":294,"column":6},"end":{"line":294,"column":14}},"190":{"start":{"line":297,"column":4},"end":{"line":297,"column":24}},"191":{"start":{"line":298,"column":4},"end":{"line":298,"column":25}},"192":{"start":{"line":302,"column":23},"end":{"line":302,"column":44}},"193":{"start":{"line":303,"column":26},"end":{"line":303,"column":46}},"194":{"start":{"line":305,"column":4},"end":{"line":347,"column":5}},"195":{"start":{"line":305,"column":17},"end":{"line":305,"column":18}},"196":{"start":{"line":306,"column":20},"end":{"line":306,"column":33}},"197":{"start":{"line":307,"column":18},"end":{"line":307,"column":62}},"198":{"start":{"line":308,"column":17},"end":{"line":308,"column":20}},"199":{"start":{"line":309,"column":6},"end":{"line":315,"column":7}},"200":{"start":{"line":310,"column":8},"end":{"line":310,"column":49}},"201":{"start":{"line":311,"column":13},"end":{"line":315,"column":7}},"202":{"start":{"line":312,"column":8},"end":{"line":312,"column":49}},"203":{"start":{"line":314,"column":8},"end":{"line":314,"column":49}},"204":{"start":{"line":317,"column":27},"end":{"line":317,"column":28}},"205":{"start":{"line":318,"column":6},"end":{"line":324,"column":8}},"206":{"start":{"line":319,"column":8},"end":{"line":323,"column":10}},"207":{"start":{"line":320,"column":10},"end":{"line":322,"column":11}},"208":{"start":{"line":321,"column":12},"end":{"line":321,"column":32}},"209":{"start":{"line":326,"column":26},"end":{"line":326,"column":49}},"210":{"start":{"line":327,"column":22},"end":{"line":327,"column":23}},"211":{"start":{"line":329,"column":6},"end":{"line":346,"column":7}},"212":{"start":{"line":329,"column":19},"end":{"line":329,"column":20}},"213":{"start":{"line":330,"column":8},"end":{"line":345,"column":10}},"214":{"start":{"line":331,"column":10},"end":{"line":344,"column":11}},"215":{"start":{"line":333,"column":28},"end":{"line":333,"column":112}},"216":{"start":{"line":333,"column":61},"end":{"line":333,"column":111}},"217":{"start":{"line":335,"column":12},"end":{"line":343,"column":15}},"218":{"start":{"line":336,"column":14},"end":{"line":342,"column":15}},"219":{"start":{"line":336,"column":65},"end":{"line":336,"column":101}},"220":{"start":{"line":338,"column":16},"end":{"line":341,"column":17}},"221":{"start":{"line":339,"column":18},"end":{"line":339,"column":52}},"222":{"start":{"line":340,"column":18},"end":{"line":340,"column":115}},"223":{"start":{"line":340,"column":65},"end":{"line":340,"column":101}},"224":{"start":{"line":351,"column":23},"end":{"line":351,"column":44}},"225":{"start":{"line":352,"column":26},"end":{"line":352,"column":46}},"226":{"start":{"line":354,"column":4},"end":{"line":391,"column":6}},"227":{"start":{"line":355,"column":18},"end":{"line":355,"column":20}},"228":{"start":{"line":357,"column":6},"end":{"line":362,"column":8}},"229":{"start":{"line":358,"column":8},"end":{"line":361,"column":9}},"230":{"start":{"line":359,"column":27},"end":{"line":359,"column":111}},"231":{"start":{"line":359,"column":60},"end":{"line":359,"column":110}},"232":{"start":{"line":360,"column":10},"end":{"line":360,"column":31}},"233":{"start":{"line":363,"column":6},"end":{"line":363,"column":48}},"234":{"start":{"line":363,"column":27},"end":{"line":363,"column":46}},"235":{"start":{"line":365,"column":18},"end":{"line":365,"column":20}},"236":{"start":{"line":367,"column":6},"end":{"line":373,"column":7}},"237":{"start":{"line":367,"column":32},"end":{"line":367,"column":47}},"238":{"start":{"line":368,"column":8},"end":{"line":372,"column":10}},"239":{"start":{"line":369,"column":10},"end":{"line":371,"column":11}},"240":{"start":{"line":370,"column":12},"end":{"line":370,"column":38}},"241":{"start":{"line":375,"column":21},"end":{"line":375,"column":23}},"242":{"start":{"line":376,"column":6},"end":{"line":383,"column":7}},"243":{"start":{"line":376,"column":19},"end":{"line":376,"column":20}},"244":{"start":{"line":377,"column":22},"end":{"line":377,"column":62}},"245":{"start":{"line":378,"column":28},"end":{"line":378,"column":70}},"246":{"start":{"line":379,"column":22},"end":{"line":379,"column":62}},"247":{"start":{"line":380,"column":8},"end":{"line":382,"column":9}},"248":{"start":{"line":381,"column":10},"end":{"line":381,"column":27}},"249":{"start":{"line":385,"column":6},"end":{"line":388,"column":7}},"250":{"start":{"line":386,"column":20},"end":{"line":386,"column":34}},"251":{"start":{"line":387,"column":8},"end":{"line":387,"column":44}},"252":{"start":{"line":390,"column":6},"end":{"line":390,"column":44}},"253":{"start":{"line":395,"column":4},"end":{"line":408,"column":6}},"254":{"start":{"line":396,"column":6},"end":{"line":407,"column":8}},"255":{"start":{"line":397,"column":8},"end":{"line":406,"column":9}},"256":{"start":{"line":397,"column":22},"end":{"line":397,"column":23}},"257":{"start":{"line":398,"column":10},"end":{"line":405,"column":12}},"258":{"start":{"line":412,"column":22},"end":{"line":412,"column":42}},"259":{"start":{"line":413,"column":26},"end":{"line":413,"column":46}},"260":{"start":{"line":414,"column":19},"end":{"line":414,"column":20}},"261":{"start":{"line":416,"column":4},"end":{"line":429,"column":5}},"262":{"start":{"line":417,"column":6},"end":{"line":417,"column":52}},"263":{"start":{"line":418,"column":11},"end":{"line":429,"column":5}},"264":{"start":{"line":419,"column":6},"end":{"line":428,"column":7}},"265":{"start":{"line":421,"column":8},"end":{"line":421,"column":53}},"266":{"start":{"line":422,"column":13},"end":{"line":428,"column":7}},"267":{"start":{"line":424,"column":8},"end":{"line":424,"column":59}},"268":{"start":{"line":425,"column":13},"end":{"line":428,"column":7}},"269":{"start":{"line":427,"column":8},"end":{"line":427,"column":57}},"270":{"start":{"line":431,"column":4},"end":{"line":431,"column":19}},"271":{"start":{"line":436,"column":24},"end":{"line":436,"column":89}},"272":{"start":{"line":437,"column":20},"end":{"line":437,"column":43}},"273":{"start":{"line":438,"column":21},"end":{"line":438,"column":22}},"274":{"start":{"line":440,"column":4},"end":{"line":440,"column":155}},"275":{"start":{"line":440,"column":32},"end":{"line":440,"column":153}},"276":{"start":{"line":440,"column":83},"end":{"line":440,"column":123}},"277":{"start":{"line":443,"column":4},"end":{"line":458,"column":6}},"278":{"start":{"line":444,"column":6},"end":{"line":457,"column":8}},"279":{"start":{"line":445,"column":8},"end":{"line":447,"column":9}},"280":{"start":{"line":446,"column":10},"end":{"line":446,"column":46}},"281":{"start":{"line":448,"column":8},"end":{"line":450,"column":9}},"282":{"start":{"line":449,"column":10},"end":{"line":449,"column":46}},"283":{"start":{"line":451,"column":8},"end":{"line":453,"column":9}},"284":{"start":{"line":452,"column":10},"end":{"line":452,"column":46}},"285":{"start":{"line":454,"column":8},"end":{"line":456,"column":9}},"286":{"start":{"line":455,"column":10},"end":{"line":455,"column":46}},"287":{"start":{"line":460,"column":4},"end":{"line":531,"column":5}},"288":{"start":{"line":460,"column":17},"end":{"line":460,"column":18}},"289":{"start":{"line":461,"column":20},"end":{"line":461,"column":40}},"290":{"start":{"line":462,"column":22},"end":{"line":462,"column":43}},"291":{"start":{"line":463,"column":19},"end":{"line":463,"column":57}},"292":{"start":{"line":464,"column":30},"end":{"line":464,"column":58}},"293":{"start":{"line":465,"column":22},"end":{"line":465,"column":23}},"294":{"start":{"line":467,"column":6},"end":{"line":469,"column":8}},"295":{"start":{"line":468,"column":8},"end":{"line":468,"column":58}},"296":{"start":{"line":472,"column":17},"end":{"line":472,"column":22}},"297":{"start":{"line":474,"column":6},"end":{"line":494,"column":7}},"298":{"start":{"line":474,"column":19},"end":{"line":474,"column":20}},"299":{"start":{"line":475,"column":25},"end":{"line":475,"column":34}},"300":{"start":{"line":476,"column":26},"end":{"line":476,"column":27}},"301":{"start":{"line":477,"column":23},"end":{"line":477,"column":72}},"302":{"start":{"line":477,"column":45},"end":{"line":477,"column":71}},"303":{"start":{"line":478,"column":25},"end":{"line":478,"column":42}},"304":{"start":{"line":479,"column":8},"end":{"line":481,"column":10}},"305":{"start":{"line":479,"column":32},"end":{"line":479,"column":58}},"306":{"start":{"line":480,"column":10},"end":{"line":480,"column":62}},"307":{"start":{"line":483,"column":8},"end":{"line":493,"column":9}},"308":{"start":{"line":484,"column":10},"end":{"line":484,"column":35}},"309":{"start":{"line":485,"column":28},"end":{"line":485,"column":86}},"310":{"start":{"line":485,"column":55},"end":{"line":485,"column":81}},"311":{"start":{"line":486,"column":10},"end":{"line":486,"column":72}},"312":{"start":{"line":486,"column":44},"end":{"line":486,"column":70}},"313":{"start":{"line":487,"column":10},"end":{"line":489,"column":11}},"314":{"start":{"line":488,"column":12},"end":{"line":488,"column":43}},"315":{"start":{"line":490,"column":10},"end":{"line":490,"column":68}},"316":{"start":{"line":490,"column":48},"end":{"line":490,"column":66}},"317":{"start":{"line":492,"column":10},"end":{"line":492,"column":22}},"318":{"start":{"line":497,"column":6},"end":{"line":497,"column":19}},"319":{"start":{"line":498,"column":6},"end":{"line":528,"column":7}},"320":{"start":{"line":498,"column":19},"end":{"line":498,"column":20}},"321":{"start":{"line":499,"column":25},"end":{"line":499,"column":45}},"322":{"start":{"line":500,"column":20},"end":{"line":500,"column":44}},"323":{"start":{"line":501,"column":8},"end":{"line":503,"column":9}},"324":{"start":{"line":502,"column":10},"end":{"line":502,"column":34}},"325":{"start":{"line":504,"column":21},"end":{"line":504,"column":80}},"326":{"start":{"line":505,"column":8},"end":{"line":505,"column":75}},"327":{"start":{"line":506,"column":24},"end":{"line":506,"column":25}},"328":{"start":{"line":507,"column":8},"end":{"line":509,"column":10}},"329":{"start":{"line":508,"column":10},"end":{"line":508,"column":48}},"330":{"start":{"line":510,"column":8},"end":{"line":527,"column":9}},"331":{"start":{"line":511,"column":10},"end":{"line":511,"column":33}},"332":{"start":{"line":512,"column":10},"end":{"line":519,"column":12}},"333":{"start":{"line":513,"column":12},"end":{"line":518,"column":14}},"334":{"start":{"line":520,"column":10},"end":{"line":520,"column":67}},"335":{"start":{"line":521,"column":10},"end":{"line":521,"column":35}},"336":{"start":{"line":522,"column":10},"end":{"line":524,"column":11}},"337":{"start":{"line":523,"column":12},"end":{"line":523,"column":48}},"338":{"start":{"line":526,"column":10},"end":{"line":526,"column":22}},"339":{"start":{"line":529,"column":6},"end":{"line":529,"column":36}},"340":{"start":{"line":530,"column":6},"end":{"line":530,"column":40}},"341":{"start":{"line":534,"column":28},"end":{"line":534,"column":48}},"342":{"start":{"line":535,"column":22},"end":{"line":535,"column":42}},"343":{"start":{"line":536,"column":25},"end":{"line":536,"column":46}},"344":{"start":{"line":538,"column":23},"end":{"line":538,"column":25}},"345":{"start":{"line":539,"column":26},"end":{"line":539,"column":28}},"346":{"start":{"line":540,"column":19},"end":{"line":540,"column":21}},"347":{"start":{"line":541,"column":17},"end":{"line":541,"column":19}},"348":{"start":{"line":543,"column":6},"end":{"line":553,"column":8}},"349":{"start":{"line":544,"column":22},"end":{"line":544,"column":62}},"350":{"start":{"line":545,"column":8},"end":{"line":552,"column":9}},"351":{"start":{"line":546,"column":10},"end":{"line":546,"column":41}},"352":{"start":{"line":547,"column":10},"end":{"line":547,"column":29}},"353":{"start":{"line":548,"column":22},"end":{"line":548,"column":103}},"354":{"start":{"line":549,"column":10},"end":{"line":549,"column":25}},"355":{"start":{"line":551,"column":10},"end":{"line":551,"column":62}},"356":{"start":{"line":555,"column":6},"end":{"line":555,"column":55}},"357":{"start":{"line":555,"column":35},"end":{"line":555,"column":54}},"358":{"start":{"line":557,"column":6},"end":{"line":557,"column":33}},"359":{"start":{"line":559,"column":6},"end":{"line":561,"column":8}},"360":{"start":{"line":560,"column":8},"end":{"line":560,"column":49}},"361":{"start":{"line":563,"column":6},"end":{"line":563,"column":24}},"362":{"start":{"line":565,"column":18},"end":{"line":565,"column":19}},"363":{"start":{"line":566,"column":6},"end":{"line":576,"column":7}},"364":{"start":{"line":566,"column":64},"end":{"line":566,"column":82}},"365":{"start":{"line":567,"column":22},"end":{"line":567,"column":65}},"366":{"start":{"line":569,"column":8},"end":{"line":574,"column":9}},"367":{"start":{"line":569,"column":63},"end":{"line":569,"column":76}},"368":{"start":{"line":570,"column":10},"end":{"line":573,"column":11}},"369":{"start":{"line":571,"column":30},"end":{"line":571,"column":70}},"370":{"start":{"line":572,"column":12},"end":{"line":572,"column":105}},"371":{"start":{"line":575,"column":8},"end":{"line":575,"column":16}},"372":{"start":{"line":578,"column":6},"end":{"line":578,"column":30}},"373":{"start":{"line":580,"column":6},"end":{"line":580,"column":24}},"374":{"start":{"line":584,"column":23},"end":{"line":584,"column":25}},"375":{"start":{"line":586,"column":30},"end":{"line":618,"column":8}},"376":{"start":{"line":587,"column":22},"end":{"line":587,"column":26}},"377":{"start":{"line":588,"column":8},"end":{"line":590,"column":9}},"378":{"start":{"line":589,"column":10},"end":{"line":589,"column":26}},"379":{"start":{"line":591,"column":8},"end":{"line":598,"column":9}},"380":{"start":{"line":592,"column":10},"end":{"line":594,"column":11}},"381":{"start":{"line":593,"column":12},"end":{"line":593,"column":28}},"382":{"start":{"line":595,"column":10},"end":{"line":597,"column":11}},"383":{"start":{"line":596,"column":12},"end":{"line":596,"column":28}},"384":{"start":{"line":599,"column":8},"end":{"line":603,"column":9}},"385":{"start":{"line":600,"column":10},"end":{"line":602,"column":11}},"386":{"start":{"line":601,"column":12},"end":{"line":601,"column":28}},"387":{"start":{"line":605,"column":8},"end":{"line":609,"column":9}},"388":{"start":{"line":606,"column":10},"end":{"line":608,"column":11}},"389":{"start":{"line":607,"column":12},"end":{"line":607,"column":28}},"390":{"start":{"line":611,"column":8},"end":{"line":615,"column":9}},"391":{"start":{"line":612,"column":10},"end":{"line":614,"column":11}},"392":{"start":{"line":613,"column":12},"end":{"line":613,"column":28}},"393":{"start":{"line":617,"column":8},"end":{"line":617,"column":23}},"394":{"start":{"line":620,"column":26},"end":{"line":620,"column":28}},"395":{"start":{"line":621,"column":6},"end":{"line":629,"column":8}},"396":{"start":{"line":622,"column":8},"end":{"line":622,"column":31}},"397":{"start":{"line":623,"column":8},"end":{"line":628,"column":9}},"398":{"start":{"line":623,"column":21},"end":{"line":623,"column":22}},"399":{"start":{"line":624,"column":26},"end":{"line":624,"column":88}},"400":{"start":{"line":625,"column":10},"end":{"line":627,"column":11}},"401":{"start":{"line":626,"column":12},"end":{"line":626,"column":50}},"402":{"start":{"line":631,"column":18},"end":{"line":631,"column":19}},"403":{"start":{"line":632,"column":6},"end":{"line":638,"column":7}},"404":{"start":{"line":632,"column":43},"end":{"line":632,"column":61}},"405":{"start":{"line":633,"column":19},"end":{"line":633,"column":62}},"406":{"start":{"line":634,"column":8},"end":{"line":636,"column":9}},"407":{"start":{"line":635,"column":10},"end":{"line":635,"column":36}},"408":{"start":{"line":637,"column":8},"end":{"line":637,"column":16}},"409":{"start":{"line":640,"column":6},"end":{"line":640,"column":24}},"410":{"start":{"line":644,"column":18},"end":{"line":644,"column":32}},"411":{"start":{"line":645,"column":22},"end":{"line":645,"column":75}},"412":{"start":{"line":646,"column":6},"end":{"line":646,"column":149}},"413":{"start":{"line":651,"column":0},"end":{"line":651,"column":30}}},"fnMap":{"0":{"name":"(anonymous_0)","decl":{"start":{"line":4,"column":2},"end":{"line":4,"column":3}},"loc":{"start":{"line":4,"column":50},"end":{"line":18,"column":3}},"line":4},"1":{"name":"(anonymous_1)","decl":{"start":{"line":10,"column":18},"end":{"line":10,"column":19}},"loc":{"start":{"line":10,"column":25},"end":{"line":17,"column":5}},"line":10},"2":{"name":"(anonymous_2)","decl":{"start":{"line":20,"column":2},"end":{"line":20,"column":3}},"loc":{"start":{"line":20,"column":111},"end":{"line":59,"column":3}},"line":20},"3":{"name":"(anonymous_3)","decl":{"start":{"line":26,"column":23},"end":{"line":26,"column":24}},"loc":{"start":{"line":26,"column":41},"end":{"line":56,"column":5}},"line":26},"4":{"name":"(anonymous_4)","decl":{"start":{"line":29,"column":21},"end":{"line":29,"column":22}},"loc":{"start":{"line":29,"column":30},"end":{"line":55,"column":7}},"line":29},"5":{"name":"(anonymous_5)","decl":{"start":{"line":53,"column":65},"end":{"line":53,"column":66}},"loc":{"start":{"line":53,"column":77},"end":{"line":53,"column":113}},"line":53},"6":{"name":"(anonymous_6)","decl":{"start":{"line":61,"column":2},"end":{"line":61,"column":3}},"loc":{"start":{"line":61,"column":65},"end":{"line":82,"column":3}},"line":61},"7":{"name":"(anonymous_7)","decl":{"start":{"line":73,"column":23},"end":{"line":73,"column":24}},"loc":{"start":{"line":73,"column":30},"end":{"line":73,"column":58}},"line":73},"8":{"name":"(anonymous_8)","decl":{"start":{"line":76,"column":23},"end":{"line":76,"column":24}},"loc":{"start":{"line":76,"column":30},"end":{"line":76,"column":58}},"line":76},"9":{"name":"(anonymous_9)","decl":{"start":{"line":84,"column":2},"end":{"line":84,"column":3}},"loc":{"start":{"line":84,"column":75},"end":{"line":138,"column":3}},"line":84},"10":{"name":"(anonymous_10)","decl":{"start":{"line":96,"column":23},"end":{"line":96,"column":24}},"loc":{"start":{"line":96,"column":41},"end":{"line":137,"column":7}},"line":96},"11":{"name":"(anonymous_11)","decl":{"start":{"line":140,"column":2},"end":{"line":140,"column":3}},"loc":{"start":{"line":140,"column":42},"end":{"line":150,"column":3}},"line":140},"12":{"name":"(anonymous_12)","decl":{"start":{"line":152,"column":2},"end":{"line":152,"column":3}},"loc":{"start":{"line":152,"column":37},"end":{"line":182,"column":3}},"line":152},"13":{"name":"(anonymous_13)","decl":{"start":{"line":176,"column":35},"end":{"line":176,"column":36}},"loc":{"start":{"line":176,"column":51},"end":{"line":176,"column":73}},"line":176},"14":{"name":"(anonymous_14)","decl":{"start":{"line":177,"column":18},"end":{"line":177,"column":19}},"loc":{"start":{"line":177,"column":28},"end":{"line":177,"column":39}},"line":177},"15":{"name":"(anonymous_15)","decl":{"start":{"line":178,"column":31},"end":{"line":178,"column":32}},"loc":{"start":{"line":178,"column":39},"end":{"line":178,"column":46}},"line":178},"16":{"name":"(anonymous_16)","decl":{"start":{"line":179,"column":28},"end":{"line":179,"column":29}},"loc":{"start":{"line":179,"column":36},"end":{"line":179,"column":43}},"line":179},"17":{"name":"(anonymous_17)","decl":{"start":{"line":184,"column":2},"end":{"line":184,"column":3}},"loc":{"start":{"line":184,"column":21},"end":{"line":191,"column":3}},"line":184},"18":{"name":"(anonymous_18)","decl":{"start":{"line":185,"column":31},"end":{"line":185,"column":32}},"loc":{"start":{"line":185,"column":45},"end":{"line":185,"column":54}},"line":185},"19":{"name":"(anonymous_19)","decl":{"start":{"line":186,"column":42},"end":{"line":186,"column":43}},"loc":{"start":{"line":186,"column":49},"end":{"line":186,"column":72}},"line":186},"20":{"name":"(anonymous_20)","decl":{"start":{"line":187,"column":60},"end":{"line":187,"column":61}},"loc":{"start":{"line":187,"column":74},"end":{"line":187,"column":83}},"line":187},"21":{"name":"(anonymous_21)","decl":{"start":{"line":193,"column":2},"end":{"line":193,"column":3}},"loc":{"start":{"line":193,"column":48},"end":{"line":299,"column":3}},"line":193},"22":{"name":"(anonymous_22)","decl":{"start":{"line":202,"column":25},"end":{"line":202,"column":26}},"loc":{"start":{"line":202,"column":41},"end":{"line":206,"column":5}},"line":202},"23":{"name":"(anonymous_23)","decl":{"start":{"line":203,"column":28},"end":{"line":203,"column":29}},"loc":{"start":{"line":203,"column":40},"end":{"line":205,"column":7}},"line":203},"24":{"name":"(anonymous_24)","decl":{"start":{"line":213,"column":50},"end":{"line":213,"column":51}},"loc":{"start":{"line":213,"column":70},"end":{"line":213,"column":135}},"line":213},"25":{"name":"(anonymous_25)","decl":{"start":{"line":229,"column":28},"end":{"line":229,"column":29}},"loc":{"start":{"line":229,"column":37},"end":{"line":232,"column":9}},"line":229},"26":{"name":"(anonymous_26)","decl":{"start":{"line":230,"column":92},"end":{"line":230,"column":93}},"loc":{"start":{"line":230,"column":104},"end":{"line":230,"column":154}},"line":230},"27":{"name":"(anonymous_27)","decl":{"start":{"line":235,"column":65},"end":{"line":235,"column":66}},"loc":{"start":{"line":235,"column":77},"end":{"line":237,"column":9}},"line":235},"28":{"name":"(anonymous_28)","decl":{"start":{"line":239,"column":65},"end":{"line":239,"column":66}},"loc":{"start":{"line":239,"column":77},"end":{"line":241,"column":9}},"line":239},"29":{"name":"(anonymous_29)","decl":{"start":{"line":262,"column":83},"end":{"line":262,"column":84}},"loc":{"start":{"line":262,"column":95},"end":{"line":264,"column":11}},"line":262},"30":{"name":"(anonymous_30)","decl":{"start":{"line":262,"column":114},"end":{"line":262,"column":115}},"loc":{"start":{"line":263,"column":12},"end":{"line":263,"column":39}},"line":263},"31":{"name":"(anonymous_31)","decl":{"start":{"line":282,"column":91},"end":{"line":282,"column":92}},"loc":{"start":{"line":282,"column":100},"end":{"line":282,"column":135}},"line":282},"32":{"name":"(anonymous_32)","decl":{"start":{"line":301,"column":2},"end":{"line":301,"column":3}},"loc":{"start":{"line":301,"column":41},"end":{"line":348,"column":3}},"line":301},"33":{"name":"(anonymous_33)","decl":{"start":{"line":318,"column":27},"end":{"line":318,"column":28}},"loc":{"start":{"line":318,"column":34},"end":{"line":324,"column":7}},"line":318},"34":{"name":"(anonymous_34)","decl":{"start":{"line":319,"column":30},"end":{"line":319,"column":31}},"loc":{"start":{"line":319,"column":42},"end":{"line":323,"column":9}},"line":319},"35":{"name":"(anonymous_35)","decl":{"start":{"line":330,"column":29},"end":{"line":330,"column":30}},"loc":{"start":{"line":330,"column":48},"end":{"line":345,"column":9}},"line":330},"36":{"name":"(anonymous_36)","decl":{"start":{"line":333,"column":49},"end":{"line":333,"column":50}},"loc":{"start":{"line":333,"column":61},"end":{"line":333,"column":111}},"line":333},"37":{"name":"(anonymous_37)","decl":{"start":{"line":335,"column":30},"end":{"line":335,"column":31}},"loc":{"start":{"line":335,"column":55},"end":{"line":343,"column":14}},"line":335},"38":{"name":"(anonymous_38)","decl":{"start":{"line":336,"column":56},"end":{"line":336,"column":57}},"loc":{"start":{"line":336,"column":65},"end":{"line":336,"column":101}},"line":336},"39":{"name":"(anonymous_39)","decl":{"start":{"line":340,"column":56},"end":{"line":340,"column":57}},"loc":{"start":{"line":340,"column":65},"end":{"line":340,"column":101}},"line":340},"40":{"name":"(anonymous_40)","decl":{"start":{"line":350,"column":2},"end":{"line":350,"column":3}},"loc":{"start":{"line":350,"column":16},"end":{"line":392,"column":3}},"line":350},"41":{"name":"(anonymous_41)","decl":{"start":{"line":354,"column":25},"end":{"line":354,"column":26}},"loc":{"start":{"line":354,"column":41},"end":{"line":391,"column":5}},"line":354},"42":{"name":"(anonymous_42)","decl":{"start":{"line":357,"column":25},"end":{"line":357,"column":26}},"loc":{"start":{"line":357,"column":34},"end":{"line":362,"column":7}},"line":357},"43":{"name":"(anonymous_43)","decl":{"start":{"line":359,"column":48},"end":{"line":359,"column":49}},"loc":{"start":{"line":359,"column":60},"end":{"line":359,"column":110}},"line":359},"44":{"name":"(anonymous_44)","decl":{"start":{"line":363,"column":17},"end":{"line":363,"column":18}},"loc":{"start":{"line":363,"column":27},"end":{"line":363,"column":46}},"line":363},"45":{"name":"(anonymous_45)","decl":{"start":{"line":367,"column":24},"end":{"line":367,"column":25}},"loc":{"start":{"line":367,"column":32},"end":{"line":367,"column":47}},"line":367},"46":{"name":"(anonymous_46)","decl":{"start":{"line":368,"column":22},"end":{"line":368,"column":23}},"loc":{"start":{"line":368,"column":30},"end":{"line":372,"column":9}},"line":368},"47":{"name":"(anonymous_47)","decl":{"start":{"line":394,"column":2},"end":{"line":394,"column":3}},"loc":{"start":{"line":394,"column":14},"end":{"line":409,"column":3}},"line":394},"48":{"name":"(anonymous_48)","decl":{"start":{"line":395,"column":25},"end":{"line":395,"column":26}},"loc":{"start":{"line":395,"column":44},"end":{"line":408,"column":5}},"line":395},"49":{"name":"(anonymous_49)","decl":{"start":{"line":396,"column":28},"end":{"line":396,"column":29}},"loc":{"start":{"line":396,"column":45},"end":{"line":407,"column":7}},"line":396},"50":{"name":"(anonymous_50)","decl":{"start":{"line":411,"column":2},"end":{"line":411,"column":3}},"loc":{"start":{"line":411,"column":68},"end":{"line":432,"column":3}},"line":411},"51":{"name":"(anonymous_51)","decl":{"start":{"line":434,"column":2},"end":{"line":434,"column":3}},"loc":{"start":{"line":434,"column":16},"end":{"line":648,"column":3}},"line":434},"52":{"name":"(anonymous_52)","decl":{"start":{"line":440,"column":25},"end":{"line":440,"column":26}},"loc":{"start":{"line":440,"column":32},"end":{"line":440,"column":153}},"line":440},"53":{"name":"(anonymous_53)","decl":{"start":{"line":440,"column":74},"end":{"line":440,"column":75}},"loc":{"start":{"line":440,"column":83},"end":{"line":440,"column":123}},"line":440},"54":{"name":"(anonymous_54)","decl":{"start":{"line":443,"column":25},"end":{"line":443,"column":26}},"loc":{"start":{"line":443,"column":48},"end":{"line":458,"column":5}},"line":443},"55":{"name":"(anonymous_55)","decl":{"start":{"line":444,"column":26},"end":{"line":444,"column":27}},"loc":{"start":{"line":444,"column":39},"end":{"line":457,"column":7}},"line":444},"56":{"name":"(anonymous_56)","decl":{"start":{"line":467,"column":22},"end":{"line":467,"column":23}},"loc":{"start":{"line":467,"column":29},"end":{"line":469,"column":7}},"line":467},"57":{"name":"(anonymous_57)","decl":{"start":{"line":477,"column":36},"end":{"line":477,"column":37}},"loc":{"start":{"line":477,"column":45},"end":{"line":477,"column":71}},"line":477},"58":{"name":"(anonymous_58)","decl":{"start":{"line":479,"column":23},"end":{"line":479,"column":24}},"loc":{"start":{"line":479,"column":32},"end":{"line":479,"column":58}},"line":479},"59":{"name":"(anonymous_59)","decl":{"start":{"line":479,"column":68},"end":{"line":479,"column":69}},"loc":{"start":{"line":479,"column":77},"end":{"line":481,"column":9}},"line":479},"60":{"name":"(anonymous_60)","decl":{"start":{"line":485,"column":46},"end":{"line":485,"column":47}},"loc":{"start":{"line":485,"column":55},"end":{"line":485,"column":81}},"line":485},"61":{"name":"(anonymous_61)","decl":{"start":{"line":486,"column":35},"end":{"line":486,"column":36}},"loc":{"start":{"line":486,"column":44},"end":{"line":486,"column":70}},"line":486},"62":{"name":"(anonymous_62)","decl":{"start":{"line":490,"column":39},"end":{"line":490,"column":40}},"loc":{"start":{"line":490,"column":48},"end":{"line":490,"column":66}},"line":490},"63":{"name":"(anonymous_63)","decl":{"start":{"line":507,"column":23},"end":{"line":507,"column":24}},"loc":{"start":{"line":507,"column":32},"end":{"line":509,"column":9}},"line":507},"64":{"name":"(anonymous_64)","decl":{"start":{"line":512,"column":25},"end":{"line":512,"column":26}},"loc":{"start":{"line":512,"column":34},"end":{"line":519,"column":11}},"line":512},"65":{"name":"sortRemoved","decl":{"start":{"line":533,"column":13},"end":{"line":533,"column":24}},"loc":{"start":{"line":533,"column":46},"end":{"line":581,"column":5}},"line":533},"66":{"name":"(anonymous_66)","decl":{"start":{"line":543,"column":24},"end":{"line":543,"column":25}},"loc":{"start":{"line":543,"column":38},"end":{"line":553,"column":7}},"line":543},"67":{"name":"(anonymous_67)","decl":{"start":{"line":555,"column":25},"end":{"line":555,"column":26}},"loc":{"start":{"line":555,"column":35},"end":{"line":555,"column":54}},"line":555},"68":{"name":"(anonymous_68)","decl":{"start":{"line":559,"column":19},"end":{"line":559,"column":20}},"loc":{"start":{"line":559,"column":35},"end":{"line":561,"column":7}},"line":559},"69":{"name":"(anonymous_69)","decl":{"start":{"line":566,"column":53},"end":{"line":566,"column":54}},"loc":{"start":{"line":566,"column":64},"end":{"line":566,"column":82}},"line":566},"70":{"name":"(anonymous_70)","decl":{"start":{"line":569,"column":57},"end":{"line":569,"column":58}},"loc":{"start":{"line":569,"column":63},"end":{"line":569,"column":76}},"line":569},"71":{"name":"getAccessories","decl":{"start":{"line":583,"column":13},"end":{"line":583,"column":27}},"loc":{"start":{"line":583,"column":49},"end":{"line":641,"column":5}},"line":583},"72":{"name":"(anonymous_72)","decl":{"start":{"line":586,"column":49},"end":{"line":586,"column":50}},"loc":{"start":{"line":586,"column":62},"end":{"line":618,"column":7}},"line":586},"73":{"name":"(anonymous_73)","decl":{"start":{"line":621,"column":30},"end":{"line":621,"column":31}},"loc":{"start":{"line":621,"column":48},"end":{"line":629,"column":7}},"line":621},"74":{"name":"(anonymous_74)","decl":{"start":{"line":632,"column":32},"end":{"line":632,"column":33}},"loc":{"start":{"line":632,"column":43},"end":{"line":632,"column":61}},"line":632},"75":{"name":"updateRest","decl":{"start":{"line":643,"column":13},"end":{"line":643,"column":23}},"loc":{"start":{"line":643,"column":40},"end":{"line":647,"column":5}},"line":643}},"branchMap":{"0":{"loc":{"start":{"line":27,"column":21},"end":{"line":27,"column":89}},"type":"cond-expr","locations":[{"start":{"line":27,"column":33},"end":{"line":27,"column":65}},{"start":{"line":27,"column":68},"end":{"line":27,"column":89}}],"line":27},"1":{"loc":{"start":{"line":30,"column":8},"end":{"line":54,"column":9}},"type":"if","locations":[{"start":{"line":30,"column":8},"end":{"line":54,"column":9}},{"start":{"line":33,"column":13},"end":{"line":54,"column":9}}],"line":30},"2":{"loc":{"start":{"line":33,"column":13},"end":{"line":54,"column":9}},"type":"if","locations":[{"start":{"line":33,"column":13},"end":{"line":54,"column":9}},{"start":{"line":36,"column":13},"end":{"line":54,"column":9}}],"line":33},"3":{"loc":{"start":{"line":36,"column":13},"end":{"line":54,"column":9}},"type":"if","locations":[{"start":{"line":36,"column":13},"end":{"line":54,"column":9}},{"start":{"line":39,"column":13},"end":{"line":54,"column":9}}],"line":36},"4":{"loc":{"start":{"line":39,"column":13},"end":{"line":54,"column":9}},"type":"if","locations":[{"start":{"line":39,"column":13},"end":{"line":54,"column":9}},{"start":{"line":42,"column":13},"end":{"line":54,"column":9}}],"line":39},"5":{"loc":{"start":{"line":42,"column":13},"end":{"line":54,"column":9}},"type":"if","locations":[{"start":{"line":42,"column":13},"end":{"line":54,"column":9}},{"start":{"line":45,"column":13},"end":{"line":54,"column":9}}],"line":42},"6":{"loc":{"start":{"line":45,"column":13},"end":{"line":54,"column":9}},"type":"if","locations":[{"start":{"line":45,"column":13},"end":{"line":54,"column":9}},{"start":{"line":47,"column":15},"end":{"line":54,"column":9}}],"line":45},"7":{"loc":{"start":{"line":47,"column":15},"end":{"line":54,"column":9}},"type":"if","locations":[{"start":{"line":47,"column":15},"end":{"line":54,"column":9}},{"start":{"line":49,"column":15},"end":{"line":54,"column":9}}],"line":47},"8":{"loc":{"start":{"line":49,"column":15},"end":{"line":54,"column":9}},"type":"if","locations":[{"start":{"line":49,"column":15},"end":{"line":54,"column":9}},{"start":{"line":52,"column":13},"end":{"line":54,"column":9}}],"line":49},"9":{"loc":{"start":{"line":73,"column":6},"end":{"line":75,"column":7}},"type":"if","locations":[{"start":{"line":73,"column":6},"end":{"line":75,"column":7}},{"start":{},"end":{}}],"line":73},"10":{"loc":{"start":{"line":76,"column":6},"end":{"line":78,"column":7}},"type":"if","locations":[{"start":{"line":76,"column":6},"end":{"line":78,"column":7}},{"start":{},"end":{}}],"line":76},"11":{"loc":{"start":{"line":101,"column":26},"end":{"line":101,"column":89}},"type":"cond-expr","locations":[{"start":{"line":101,"column":37},"end":{"line":101,"column":67}},{"start":{"line":101,"column":70},"end":{"line":101,"column":89}}],"line":101},"12":{"loc":{"start":{"line":121,"column":10},"end":{"line":123,"column":11}},"type":"if","locations":[{"start":{"line":121,"column":10},"end":{"line":123,"column":11}},{"start":{},"end":{}}],"line":121},"13":{"loc":{"start":{"line":159,"column":6},"end":{"line":172,"column":7}},"type":"if","locations":[{"start":{"line":159,"column":6},"end":{"line":172,"column":7}},{"start":{},"end":{}}],"line":159},"14":{"loc":{"start":{"line":166,"column":10},"end":{"line":169,"column":11}},"type":"if","locations":[{"start":{"line":166,"column":10},"end":{"line":169,"column":11}},{"start":{},"end":{}}],"line":166},"15":{"loc":{"start":{"line":213,"column":11},"end":{"line":213,"column":136}},"type":"binary-expr","locations":[{"start":{"line":213,"column":11},"end":{"line":213,"column":22}},{"start":{"line":213,"column":26},"end":{"line":213,"column":36}},{"start":{"line":213,"column":40},"end":{"line":213,"column":136}}],"line":213},"16":{"loc":{"start":{"line":216,"column":6},"end":{"line":220,"column":7}},"type":"if","locations":[{"start":{"line":216,"column":6},"end":{"line":220,"column":7}},{"start":{},"end":{}}],"line":216},"17":{"loc":{"start":{"line":225,"column":23},"end":{"line":225,"column":82}},"type":"cond-expr","locations":[{"start":{"line":225,"column":30},"end":{"line":225,"column":60}},{"start":{"line":225,"column":63},"end":{"line":225,"column":82}}],"line":225},"18":{"loc":{"start":{"line":230,"column":19},"end":{"line":230,"column":179}},"type":"cond-expr","locations":[{"start":{"line":230,"column":168},"end":{"line":230,"column":171}},{"start":{"line":230,"column":173},"end":{"line":230,"column":179}}],"line":230},"19":{"loc":{"start":{"line":230,"column":19},"end":{"line":230,"column":166}},"type":"binary-expr","locations":[{"start":{"line":230,"column":19},"end":{"line":230,"column":53}},{"start":{"line":230,"column":57},"end":{"line":230,"column":166}}],"line":230},"20":{"loc":{"start":{"line":231,"column":19},"end":{"line":231,"column":66}},"type":"cond-expr","locations":[{"start":{"line":231,"column":55},"end":{"line":231,"column":58}},{"start":{"line":231,"column":60},"end":{"line":231,"column":66}}],"line":231},"21":{"loc":{"start":{"line":248,"column":20},"end":{"line":248,"column":31}},"type":"cond-expr","locations":[{"start":{"line":248,"column":27},"end":{"line":248,"column":28}},{"start":{"line":248,"column":30},"end":{"line":248,"column":31}}],"line":248},"22":{"loc":{"start":{"line":249,"column":15},"end":{"line":249,"column":127}},"type":"binary-expr","locations":[{"start":{"line":249,"column":15},"end":{"line":249,"column":32}},{"start":{"line":249,"column":36},"end":{"line":249,"column":51}},{"start":{"line":249,"column":55},"end":{"line":249,"column":80}},{"start":{"line":249,"column":84},"end":{"line":249,"column":127}}],"line":249},"23":{"loc":{"start":{"line":256,"column":10},"end":{"line":258,"column":11}},"type":"if","locations":[{"start":{"line":256,"column":10},"end":{"line":258,"column":11}},{"start":{},"end":{}}],"line":256},"24":{"loc":{"start":{"line":266,"column":27},"end":{"line":266,"column":127}},"type":"cond-expr","locations":[{"start":{"line":266,"column":81},"end":{"line":266,"column":84}},{"start":{"line":266,"column":86},"end":{"line":266,"column":127}}],"line":266},"25":{"loc":{"start":{"line":278,"column":10},"end":{"line":283,"column":11}},"type":"if","locations":[{"start":{"line":278,"column":10},"end":{"line":283,"column":11}},{"start":{},"end":{}}],"line":278},"26":{"loc":{"start":{"line":278,"column":14},"end":{"line":278,"column":100}},"type":"binary-expr","locations":[{"start":{"line":278,"column":14},"end":{"line":278,"column":55}},{"start":{"line":278,"column":59},"end":{"line":278,"column":100}}],"line":278},"27":{"loc":{"start":{"line":289,"column":8},"end":{"line":292,"column":9}},"type":"if","locations":[{"start":{"line":289,"column":8},"end":{"line":292,"column":9}},{"start":{},"end":{}}],"line":289},"28":{"loc":{"start":{"line":307,"column":18},"end":{"line":307,"column":62}},"type":"cond-expr","locations":[{"start":{"line":307,"column":27},"end":{"line":307,"column":35}},{"start":{"line":307,"column":37},"end":{"line":307,"column":62}}],"line":307},"29":{"loc":{"start":{"line":307,"column":37},"end":{"line":307,"column":62}},"type":"cond-expr","locations":[{"start":{"line":307,"column":46},"end":{"line":307,"column":53}},{"start":{"line":307,"column":55},"end":{"line":307,"column":62}}],"line":307},"30":{"loc":{"start":{"line":309,"column":6},"end":{"line":315,"column":7}},"type":"if","locations":[{"start":{"line":309,"column":6},"end":{"line":315,"column":7}},{"start":{"line":311,"column":13},"end":{"line":315,"column":7}}],"line":309},"31":{"loc":{"start":{"line":310,"column":15},"end":{"line":310,"column":48}},"type":"cond-expr","locations":[{"start":{"line":310,"column":25},"end":{"line":310,"column":28}},{"start":{"line":310,"column":30},"end":{"line":310,"column":48}}],"line":310},"32":{"loc":{"start":{"line":310,"column":30},"end":{"line":310,"column":48}},"type":"cond-expr","locations":[{"start":{"line":310,"column":40},"end":{"line":310,"column":43}},{"start":{"line":310,"column":45},"end":{"line":310,"column":48}}],"line":310},"33":{"loc":{"start":{"line":311,"column":13},"end":{"line":315,"column":7}},"type":"if","locations":[{"start":{"line":311,"column":13},"end":{"line":315,"column":7}},{"start":{"line":313,"column":13},"end":{"line":315,"column":7}}],"line":311},"34":{"loc":{"start":{"line":312,"column":15},"end":{"line":312,"column":48}},"type":"cond-expr","locations":[{"start":{"line":312,"column":25},"end":{"line":312,"column":28}},{"start":{"line":312,"column":30},"end":{"line":312,"column":48}}],"line":312},"35":{"loc":{"start":{"line":312,"column":30},"end":{"line":312,"column":48}},"type":"cond-expr","locations":[{"start":{"line":312,"column":40},"end":{"line":312,"column":43}},{"start":{"line":312,"column":45},"end":{"line":312,"column":48}}],"line":312},"36":{"loc":{"start":{"line":314,"column":15},"end":{"line":314,"column":48}},"type":"cond-expr","locations":[{"start":{"line":314,"column":25},"end":{"line":314,"column":28}},{"start":{"line":314,"column":30},"end":{"line":314,"column":48}}],"line":314},"37":{"loc":{"start":{"line":314,"column":30},"end":{"line":314,"column":48}},"type":"cond-expr","locations":[{"start":{"line":314,"column":40},"end":{"line":314,"column":43}},{"start":{"line":314,"column":45},"end":{"line":314,"column":48}}],"line":314},"38":{"loc":{"start":{"line":320,"column":10},"end":{"line":322,"column":11}},"type":"if","locations":[{"start":{"line":320,"column":10},"end":{"line":322,"column":11}},{"start":{},"end":{}}],"line":320},"39":{"loc":{"start":{"line":329,"column":22},"end":{"line":329,"column":54}},"type":"binary-expr","locations":[{"start":{"line":329,"column":22},"end":{"line":329,"column":27}},{"start":{"line":329,"column":31},"end":{"line":329,"column":54}}],"line":329},"40":{"loc":{"start":{"line":331,"column":10},"end":{"line":344,"column":11}},"type":"if","locations":[{"start":{"line":331,"column":10},"end":{"line":344,"column":11}},{"start":{},"end":{}}],"line":331},"41":{"loc":{"start":{"line":331,"column":14},"end":{"line":331,"column":66}},"type":"binary-expr","locations":[{"start":{"line":331,"column":14},"end":{"line":331,"column":50}},{"start":{"line":331,"column":54},"end":{"line":331,"column":66}}],"line":331},"42":{"loc":{"start":{"line":336,"column":14},"end":{"line":342,"column":15}},"type":"if","locations":[{"start":{"line":336,"column":14},"end":{"line":342,"column":15}},{"start":{},"end":{}}],"line":336},"43":{"loc":{"start":{"line":336,"column":18},"end":{"line":336,"column":193}},"type":"binary-expr","locations":[{"start":{"line":336,"column":18},"end":{"line":336,"column":116}},{"start":{"line":336,"column":120},"end":{"line":336,"column":193}}],"line":336},"44":{"loc":{"start":{"line":338,"column":16},"end":{"line":341,"column":17}},"type":"if","locations":[{"start":{"line":338,"column":16},"end":{"line":341,"column":17}},{"start":{},"end":{}}],"line":338},"45":{"loc":{"start":{"line":358,"column":8},"end":{"line":361,"column":9}},"type":"if","locations":[{"start":{"line":358,"column":8},"end":{"line":361,"column":9}},{"start":{},"end":{}}],"line":358},"46":{"loc":{"start":{"line":369,"column":10},"end":{"line":371,"column":11}},"type":"if","locations":[{"start":{"line":369,"column":10},"end":{"line":371,"column":11}},{"start":{},"end":{}}],"line":369},"47":{"loc":{"start":{"line":379,"column":22},"end":{"line":379,"column":62}},"type":"cond-expr","locations":[{"start":{"line":379,"column":44},"end":{"line":379,"column":56}},{"start":{"line":379,"column":58},"end":{"line":379,"column":62}}],"line":379},"48":{"loc":{"start":{"line":380,"column":8},"end":{"line":382,"column":9}},"type":"if","locations":[{"start":{"line":380,"column":8},"end":{"line":382,"column":9}},{"start":{},"end":{}}],"line":380},"49":{"loc":{"start":{"line":380,"column":12},"end":{"line":380,"column":87}},"type":"binary-expr","locations":[{"start":{"line":380,"column":12},"end":{"line":380,"column":26}},{"start":{"line":380,"column":31},"end":{"line":380,"column":86}}],"line":380},"50":{"loc":{"start":{"line":404,"column":79},"end":{"line":404,"column":147}},"type":"cond-expr","locations":[{"start":{"line":404,"column":111},"end":{"line":404,"column":115}},{"start":{"line":404,"column":118},"end":{"line":404,"column":147}}],"line":404},"51":{"loc":{"start":{"line":404,"column":149},"end":{"line":404,"column":184}},"type":"cond-expr","locations":[{"start":{"line":404,"column":173},"end":{"line":404,"column":177}},{"start":{"line":404,"column":179},"end":{"line":404,"column":184}}],"line":404},"52":{"loc":{"start":{"line":416,"column":4},"end":{"line":429,"column":5}},"type":"if","locations":[{"start":{"line":416,"column":4},"end":{"line":429,"column":5}},{"start":{"line":418,"column":11},"end":{"line":429,"column":5}}],"line":416},"53":{"loc":{"start":{"line":418,"column":11},"end":{"line":429,"column":5}},"type":"if","locations":[{"start":{"line":418,"column":11},"end":{"line":429,"column":5}},{"start":{},"end":{}}],"line":418},"54":{"loc":{"start":{"line":419,"column":6},"end":{"line":428,"column":7}},"type":"if","locations":[{"start":{"line":419,"column":6},"end":{"line":428,"column":7}},{"start":{"line":422,"column":13},"end":{"line":428,"column":7}}],"line":419},"55":{"loc":{"start":{"line":422,"column":13},"end":{"line":428,"column":7}},"type":"if","locations":[{"start":{"line":422,"column":13},"end":{"line":428,"column":7}},{"start":{"line":425,"column":13},"end":{"line":428,"column":7}}],"line":422},"56":{"loc":{"start":{"line":425,"column":13},"end":{"line":428,"column":7}},"type":"if","locations":[{"start":{"line":425,"column":13},"end":{"line":428,"column":7}},{"start":{},"end":{}}],"line":425},"57":{"loc":{"start":{"line":440,"column":50},"end":{"line":440,"column":153}},"type":"cond-expr","locations":[{"start":{"line":440,"column":131},"end":{"line":440,"column":148}},{"start":{"line":440,"column":151},"end":{"line":440,"column":153}}],"line":440},"58":{"loc":{"start":{"line":445,"column":8},"end":{"line":447,"column":9}},"type":"if","locations":[{"start":{"line":445,"column":8},"end":{"line":447,"column":9}},{"start":{},"end":{}}],"line":445},"59":{"loc":{"start":{"line":445,"column":12},"end":{"line":445,"column":96}},"type":"binary-expr","locations":[{"start":{"line":445,"column":12},"end":{"line":445,"column":34}},{"start":{"line":445,"column":38},"end":{"line":445,"column":96}}],"line":445},"60":{"loc":{"start":{"line":448,"column":8},"end":{"line":450,"column":9}},"type":"if","locations":[{"start":{"line":448,"column":8},"end":{"line":450,"column":9}},{"start":{},"end":{}}],"line":448},"61":{"loc":{"start":{"line":448,"column":12},"end":{"line":448,"column":130}},"type":"binary-expr","locations":[{"start":{"line":448,"column":13},"end":{"line":448,"column":42}},{"start":{"line":448,"column":46},"end":{"line":448,"column":67}},{"start":{"line":448,"column":72},"end":{"line":448,"column":130}}],"line":448},"62":{"loc":{"start":{"line":451,"column":8},"end":{"line":453,"column":9}},"type":"if","locations":[{"start":{"line":451,"column":8},"end":{"line":453,"column":9}},{"start":{},"end":{}}],"line":451},"63":{"loc":{"start":{"line":451,"column":12},"end":{"line":451,"column":250}},"type":"binary-expr","locations":[{"start":{"line":451,"column":13},"end":{"line":451,"column":42}},{"start":{"line":451,"column":47},"end":{"line":451,"column":106}},{"start":{"line":451,"column":110},"end":{"line":451,"column":178}},{"start":{"line":451,"column":182},"end":{"line":451,"column":250}}],"line":451},"64":{"loc":{"start":{"line":454,"column":8},"end":{"line":456,"column":9}},"type":"if","locations":[{"start":{"line":454,"column":8},"end":{"line":456,"column":9}},{"start":{},"end":{}}],"line":454},"65":{"loc":{"start":{"line":454,"column":12},"end":{"line":454,"column":169}},"type":"binary-expr","locations":[{"start":{"line":454,"column":13},"end":{"line":454,"column":37}},{"start":{"line":454,"column":43},"end":{"line":454,"column":103}},{"start":{"line":454,"column":107},"end":{"line":454,"column":168}}],"line":454},"66":{"loc":{"start":{"line":474,"column":22},"end":{"line":474,"column":68}},"type":"binary-expr","locations":[{"start":{"line":474,"column":22},"end":{"line":474,"column":27}},{"start":{"line":474,"column":31},"end":{"line":474,"column":47}},{"start":{"line":474,"column":51},"end":{"line":474,"column":68}}],"line":474},"67":{"loc":{"start":{"line":483,"column":8},"end":{"line":493,"column":9}},"type":"if","locations":[{"start":{"line":483,"column":8},"end":{"line":493,"column":9}},{"start":{"line":491,"column":15},"end":{"line":493,"column":9}}],"line":483},"68":{"loc":{"start":{"line":487,"column":10},"end":{"line":489,"column":11}},"type":"if","locations":[{"start":{"line":487,"column":10},"end":{"line":489,"column":11}},{"start":{},"end":{}}],"line":487},"69":{"loc":{"start":{"line":498,"column":22},"end":{"line":498,"column":98}},"type":"binary-expr","locations":[{"start":{"line":498,"column":22},"end":{"line":498,"column":27}},{"start":{"line":498,"column":31},"end":{"line":498,"column":46}},{"start":{"line":498,"column":50},"end":{"line":498,"column":66}},{"start":{"line":498,"column":70},"end":{"line":498,"column":98}}],"line":498},"70":{"loc":{"start":{"line":501,"column":8},"end":{"line":503,"column":9}},"type":"if","locations":[{"start":{"line":501,"column":8},"end":{"line":503,"column":9}},{"start":{},"end":{}}],"line":501},"71":{"loc":{"start":{"line":510,"column":8},"end":{"line":527,"column":9}},"type":"if","locations":[{"start":{"line":510,"column":8},"end":{"line":527,"column":9}},{"start":{"line":525,"column":15},"end":{"line":527,"column":9}}],"line":510},"72":{"loc":{"start":{"line":522,"column":10},"end":{"line":524,"column":11}},"type":"if","locations":[{"start":{"line":522,"column":10},"end":{"line":524,"column":11}},{"start":{},"end":{}}],"line":522},"73":{"loc":{"start":{"line":545,"column":8},"end":{"line":552,"column":9}},"type":"if","locations":[{"start":{"line":545,"column":8},"end":{"line":552,"column":9}},{"start":{"line":550,"column":15},"end":{"line":552,"column":9}}],"line":545},"74":{"loc":{"start":{"line":548,"column":22},"end":{"line":548,"column":103}},"type":"cond-expr","locations":[{"start":{"line":548,"column":53},"end":{"line":548,"column":82}},{"start":{"line":548,"column":85},"end":{"line":548,"column":103}}],"line":548},"75":{"loc":{"start":{"line":566,"column":13},"end":{"line":566,"column":83}},"type":"binary-expr","locations":[{"start":{"line":566,"column":13},"end":{"line":566,"column":30}},{"start":{"line":566,"column":34},"end":{"line":566,"column":83}}],"line":566},"76":{"loc":{"start":{"line":569,"column":8},"end":{"line":574,"column":9}},"type":"if","locations":[{"start":{"line":569,"column":8},"end":{"line":574,"column":9}},{"start":{},"end":{}}],"line":569},"77":{"loc":{"start":{"line":569,"column":14},"end":{"line":569,"column":77}},"type":"binary-expr","locations":[{"start":{"line":569,"column":14},"end":{"line":569,"column":34}},{"start":{"line":569,"column":38},"end":{"line":569,"column":77}}],"line":569},"78":{"loc":{"start":{"line":570,"column":10},"end":{"line":573,"column":11}},"type":"if","locations":[{"start":{"line":570,"column":10},"end":{"line":573,"column":11}},{"start":{},"end":{}}],"line":570},"79":{"loc":{"start":{"line":572,"column":28},"end":{"line":572,"column":103}},"type":"cond-expr","locations":[{"start":{"line":572,"column":56},"end":{"line":572,"column":74}},{"start":{"line":572,"column":76},"end":{"line":572,"column":103}}],"line":572},"80":{"loc":{"start":{"line":588,"column":8},"end":{"line":590,"column":9}},"type":"if","locations":[{"start":{"line":588,"column":8},"end":{"line":590,"column":9}},{"start":{},"end":{}}],"line":588},"81":{"loc":{"start":{"line":588,"column":12},"end":{"line":588,"column":150}},"type":"binary-expr","locations":[{"start":{"line":588,"column":12},"end":{"line":588,"column":79}},{"start":{"line":588,"column":83},"end":{"line":588,"column":150}}],"line":588},"82":{"loc":{"start":{"line":591,"column":8},"end":{"line":598,"column":9}},"type":"if","locations":[{"start":{"line":591,"column":8},"end":{"line":598,"column":9}},{"start":{},"end":{}}],"line":591},"83":{"loc":{"start":{"line":592,"column":10},"end":{"line":594,"column":11}},"type":"if","locations":[{"start":{"line":592,"column":10},"end":{"line":594,"column":11}},{"start":{},"end":{}}],"line":592},"84":{"loc":{"start":{"line":595,"column":10},"end":{"line":597,"column":11}},"type":"if","locations":[{"start":{"line":595,"column":10},"end":{"line":597,"column":11}},{"start":{},"end":{}}],"line":595},"85":{"loc":{"start":{"line":595,"column":14},"end":{"line":595,"column":134}},"type":"binary-expr","locations":[{"start":{"line":595,"column":14},"end":{"line":595,"column":72}},{"start":{"line":595,"column":76},"end":{"line":595,"column":134}}],"line":595},"86":{"loc":{"start":{"line":599,"column":8},"end":{"line":603,"column":9}},"type":"if","locations":[{"start":{"line":599,"column":8},"end":{"line":603,"column":9}},{"start":{},"end":{}}],"line":599},"87":{"loc":{"start":{"line":599,"column":13},"end":{"line":599,"column":67}},"type":"binary-expr","locations":[{"start":{"line":599,"column":13},"end":{"line":599,"column":42}},{"start":{"line":599,"column":46},"end":{"line":599,"column":67}}],"line":599},"88":{"loc":{"start":{"line":600,"column":10},"end":{"line":602,"column":11}},"type":"if","locations":[{"start":{"line":600,"column":10},"end":{"line":602,"column":11}},{"start":{},"end":{}}],"line":600},"89":{"loc":{"start":{"line":605,"column":8},"end":{"line":609,"column":9}},"type":"if","locations":[{"start":{"line":605,"column":8},"end":{"line":609,"column":9}},{"start":{},"end":{}}],"line":605},"90":{"loc":{"start":{"line":606,"column":10},"end":{"line":608,"column":11}},"type":"if","locations":[{"start":{"line":606,"column":10},"end":{"line":608,"column":11}},{"start":{},"end":{}}],"line":606},"91":{"loc":{"start":{"line":611,"column":8},"end":{"line":615,"column":9}},"type":"if","locations":[{"start":{"line":611,"column":8},"end":{"line":615,"column":9}},{"start":{},"end":{}}],"line":611},"92":{"loc":{"start":{"line":612,"column":10},"end":{"line":614,"column":11}},"type":"if","locations":[{"start":{"line":612,"column":10},"end":{"line":614,"column":11}},{"start":{},"end":{}}],"line":612},"93":{"loc":{"start":{"line":625,"column":10},"end":{"line":627,"column":11}},"type":"if","locations":[{"start":{"line":625,"column":10},"end":{"line":627,"column":11}},{"start":{},"end":{}}],"line":625},"94":{"loc":{"start":{"line":634,"column":8},"end":{"line":636,"column":9}},"type":"if","locations":[{"start":{"line":634,"column":8},"end":{"line":636,"column":9}},{"start":{},"end":{}}],"line":634},"95":{"loc":{"start":{"line":645,"column":22},"end":{"line":645,"column":75}},"type":"cond-expr","locations":[{"start":{"line":645,"column":50},"end":{"line":645,"column":68}},{"start":{"line":645,"column":71},"end":{"line":645,"column":75}}],"line":645},"96":{"loc":{"start":{"line":646,"column":17},"end":{"line":646,"column":148}},"type":"cond-expr","locations":[{"start":{"line":646,"column":103},"end":{"line":646,"column":104}},{"start":{"line":646,"column":107},"end":{"line":646,"column":148}}],"line":646},"97":{"loc":{"start":{"line":646,"column":17},"end":{"line":646,"column":100}},"type":"binary-expr","locations":[{"start":{"line":646,"column":17},"end":{"line":646,"column":33}},{"start":{"line":646,"column":37},"end":{"line":646,"column":100}}],"line":646}},"s":{"0":1,"1":1,"2":1,"3":1,"4":1,"5":1,"6":1,"7":7,"8":1,"9":1,"10":1,"11":1,"12":1,"13":6,"14":6,"15":35,"16":1,"17":34,"18":1,"19":33,"20":1,"21":32,"22":1,"23":31,"24":1,"25":30,"26":1,"27":29,"28":1,"29":28,"30":1,"31":27,"32":124,"33":1,"34":1,"35":1,"36":1,"37":1,"38":1,"39":6,"40":6,"41":6,"42":6,"43":6,"44":6,"45":6,"46":42,"47":0,"48":6,"49":42,"50":0,"51":1,"52":1,"53":1,"54":1,"55":1,"56":1,"57":1,"58":1,"59":1,"60":7,"61":1,"62":6,"63":6,"64":6,"65":6,"66":6,"67":6,"68":6,"69":12,"70":12,"71":12,"72":12,"73":12,"74":26,"75":26,"76":26,"77":26,"78":26,"79":26,"80":26,"81":26,"82":26,"83":7,"84":26,"85":26,"86":31,"87":31,"88":31,"89":93,"90":93,"91":93,"92":31,"93":18,"94":18,"95":18,"96":18,"97":18,"98":126,"99":36,"100":36,"101":36,"102":36,"103":126,"104":36,"105":36,"106":126,"107":18,"108":36,"109":18,"110":18,"111":18,"112":36,"113":18,"114":36,"115":18,"116":26,"117":182,"118":26,"119":182,"120":26,"121":182,"122":26,"123":26,"124":1,"125":1,"126":1,"127":1,"128":1,"129":1,"130":1,"131":1,"132":7,"133":26,"134":1,"135":1,"136":1,"137":1,"138":1,"139":8,"140":2,"141":1,"142":1,"143":1,"144":2,"145":2,"146":12,"147":12,"148":12,"149":12,"150":12,"151":12,"152":24,"153":0,"154":24,"155":12,"156":59,"157":12,"158":53,"159":12,"160":12,"161":12,"162":12,"163":12,"164":12,"165":5,"166":5,"167":5,"168":5,"169":3,"170":5,"171":5,"172":5,"173":26,"174":39,"175":5,"176":5,"177":5,"178":5,"179":5,"180":5,"181":5,"182":5,"183":5,"184":24,"185":5,"186":12,"187":2,"188":2,"189":2,"190":1,"191":1,"192":1,"193":1,"194":1,"195":1,"196":3,"197":3,"198":3,"199":3,"200":1,"201":2,"202":1,"203":1,"204":3,"205":3,"206":21,"207":78,"208":16,"209":3,"210":3,"211":3,"212":3,"213":0,"214":0,"215":0,"216":0,"217":0,"218":0,"219":0,"220":0,"221":0,"222":0,"223":0,"224":1,"225":1,"226":1,"227":7,"228":7,"229":42,"230":12,"231":56,"232":12,"233":7,"234":8,"235":7,"236":7,"237":28,"238":16,"239":30,"240":26,"241":7,"242":7,"243":7,"244":26,"245":26,"246":26,"247":26,"248":2,"249":7,"250":2,"251":2,"252":7,"253":1,"254":7,"255":26,"256":26,"257":78,"258":78,"259":78,"260":78,"261":78,"262":52,"263":26,"264":20,"265":5,"266":15,"267":0,"268":15,"269":1,"270":78,"271":1,"272":1,"273":1,"274":1,"275":7,"276":24,"277":1,"278":7,"279":35,"280":2,"281":35,"282":4,"283":35,"284":1,"285":35,"286":1,"287":1,"288":1,"289":1,"290":1,"291":0,"292":0,"293":0,"294":0,"295":0,"296":0,"297":0,"298":0,"299":0,"300":0,"301":0,"302":0,"303":0,"304":0,"305":0,"306":0,"307":0,"308":0,"309":0,"310":0,"311":0,"312":0,"313":0,"314":0,"315":0,"316":0,"317":0,"318":0,"319":0,"320":0,"321":0,"322":0,"323":0,"324":0,"325":0,"326":0,"327":0,"328":0,"329":0,"330":0,"331":0,"332":0,"333":0,"334":0,"335":0,"336":0,"337":0,"338":0,"339":0,"340":0,"341":0,"342":0,"343":0,"344":0,"345":0,"346":0,"347":0,"348":0,"349":0,"350":0,"351":0,"352":0,"353":0,"354":0,"355":0,"356":0,"357":0,"358":0,"359":0,"360":0,"361":0,"362":0,"363":0,"364":0,"365":0,"366":0,"367":0,"368":0,"369":0,"370":0,"371":0,"372":0,"373":0,"374":0,"375":0,"376":0,"377":0,"378":0,"379":0,"380":0,"381":0,"382":0,"383":0,"384":0,"385":0,"386":0,"387":0,"388":0,"389":0,"390":0,"391":0,"392":0,"393":0,"394":0,"395":0,"396":0,"397":0,"398":0,"399":0,"400":0,"401":0,"402":0,"403":0,"404":0,"405":0,"406":0,"407":0,"408":0,"409":0,"410":0,"411":0,"412":0,"413":1},"f":{"0":1,"1":7,"2":1,"3":6,"4":35,"5":124,"6":1,"7":42,"8":42,"9":1,"10":6,"11":31,"12":18,"13":36,"14":18,"15":36,"16":36,"17":26,"18":182,"19":182,"20":182,"21":1,"22":7,"23":26,"24":8,"25":24,"26":0,"27":59,"28":53,"29":26,"30":39,"31":24,"32":1,"33":21,"34":78,"35":0,"36":0,"37":0,"38":0,"39":0,"40":1,"41":7,"42":42,"43":56,"44":8,"45":28,"46":30,"47":1,"48":7,"49":26,"50":78,"51":1,"52":7,"53":24,"54":7,"55":35,"56":0,"57":0,"58":0,"59":0,"60":0,"61":0,"62":0,"63":0,"64":0,"65":0,"66":0,"67":0,"68":0,"69":0,"70":0,"71":0,"72":0,"73":0,"74":0,"75":0},"b":{"0":[3,3],"1":[1,34],"2":[1,33],"3":[1,32],"4":[1,31],"5":[1,30],"6":[1,29],"7":[1,28],"8":[1,27],"9":[0,6],"10":[0,6],"11":[3,3],"12":[7,19],"13":[36,90],"14":[36,90],"15":[3,2,2],"16":[1,1],"17":[6,6],"18":[0,24],"19":[24,0],"20":[7,17],"21":[6,6],"22":[17,12,10,5],"23":[3,2],"24":[4,1],"25":[5,0],"26":[5,0],"27":[2,10],"28":[1,2],"29":[1,1],"30":[1,2],"31":[0,1],"32":[0,1],"33":[1,1],"34":[0,1],"35":[0,1],"36":[0,1],"37":[0,1],"38":[16,62],"39":[3,3],"40":[0,0],"41":[0,0],"42":[0,0],"43":[0,0],"44":[0,0],"45":[12,30],"46":[26,4],"47":[20,6],"48":[2,24],"49":[26,20],"50":[18,60],"51":[26,52],"52":[52,26],"53":[20,6],"54":[5,15],"55":[0,15],"56":[1,14],"57":[2,5],"58":[2,33],"59":[35,7],"60":[4,31],"61":[35,28,14],"62":[1,34],"63":[35,7,2,1],"64":[1,34],"65":[35,7,2],"66":[0,0,0],"67":[0,0],"68":[0,0],"69":[0,0,0,0],"70":[0,0],"71":[0,0],"72":[0,0],"73":[0,0],"74":[0,0],"75":[0,0],"76":[0,0],"77":[0,0],"78":[0,0],"79":[0,0],"80":[0,0],"81":[0,0],"82":[0,0],"83":[0,0],"84":[0,0],"85":[0,0],"86":[0,0],"87":[0,0],"88":[0,0],"89":[0,0],"90":[0,0],"91":[0,0],"92":[0,0],"93":[0,0],"94":[0,0],"95":[0,0],"96":[0,0],"97":[0,0]},"_coverageSchema":"1a1c01bbd47fc00a2c39e90264f33305004495a9","hash":"abc66968d7a761b837e96cbbbca46c2eec46dd1d"}
,"C:\\Users\\benwa\\OneDrive\\Desktop\\MoreWeight\\Development\\backend\\src\\staticData.js": {"path":"C:\\Users\\benwa\\OneDrive\\Desktop\\MoreWeight\\Development\\backend\\src\\staticData.js","statementMap":{"0":{"start":{"line":1,"column":19},"end":{"line":1243,"column":3}},"1":{"start":{"line":1245,"column":2},"end":{"line":1245,"column":30}}},"fnMap":{},"branchMap":{},"s":{"0":1,"1":1},"f":{},"b":{},"_coverageSchema":"1a1c01bbd47fc00a2c39e90264f33305004495a9","hash":"e4793523dc3f99ad344ac0dcc7875ab4dcd42b25"}
}
