TN:
SF:src\routineClass.js
FN:4,(anonymous_0)
FN:6,(anonymous_1)
FN:16,(anonymous_2)
FN:22,(anonymous_3)
FN:25,(anonymous_4)
FN:45,(anonymous_5)
FN:53,(anonymous_6)
FN:65,(anonymous_7)
FN:68,(anonymous_8)
FN:76,(anonymous_9)
FN:88,(anonymous_10)
FN:128,(anonymous_11)
FN:140,(anonymous_12)
FN:164,(anonymous_13)
FN:165,(anonymous_14)
FN:166,(anonymous_15)
FN:167,(anonymous_16)
FN:172,(anonymous_17)
FN:173,(anonymous_18)
FN:174,(anonymous_19)
FN:178,(anonymous_20)
FN:185,(anonymous_21)
FN:200,(anonymous_22)
FN:201,(anonymous_23)
FN:206,(anonymous_24)
FN:226,(anonymous_25)
FN:239,(anonymous_26)
FN:259,getSTD
FN:260,(anonymous_28)
FN:261,(anonymous_29)
FN:262,(anonymous_30)
FNF:31
FNH:16
FNDA:1,(anonymous_0)
FNDA:7,(anonymous_1)
FNDA:1,(anonymous_2)
FNDA:6,(anonymous_3)
FNDA:35,(anonymous_4)
FNDA:111,(anonymous_5)
FNDA:2,(anonymous_6)
FNDA:84,(anonymous_7)
FNDA:84,(anonymous_8)
FNDA:1,(anonymous_9)
FNDA:3,(anonymous_10)
FNDA:9,(anonymous_11)
FNDA:3,(anonymous_12)
FNDA:3,(anonymous_13)
FNDA:0,(anonymous_14)
FNDA:3,(anonymous_15)
FNDA:3,(anonymous_16)
FNDA:0,(anonymous_17)
FNDA:0,(anonymous_18)
FNDA:0,(anonymous_19)
FNDA:0,(anonymous_20)
FNDA:0,(anonymous_21)
FNDA:0,(anonymous_22)
FNDA:0,(anonymous_23)
FNDA:0,(anonymous_24)
FNDA:0,(anonymous_25)
FNDA:0,(anonymous_26)
FNDA:0,getSTD
FNDA:0,(anonymous_28)
FNDA:0,(anonymous_29)
FNDA:0,(anonymous_30)
DA:1,1
DA:5,1
DA:6,1
DA:7,7
DA:17,1
DA:18,1
DA:19,1
DA:21,1
DA:22,1
DA:23,6
DA:25,6
DA:26,35
DA:27,1
DA:29,34
DA:30,1
DA:32,33
DA:33,1
DA:35,32
DA:36,1
DA:38,31
DA:39,1
DA:41,30
DA:42,1
DA:45,111
DA:50,1
DA:54,2
DA:55,2
DA:57,2
DA:58,2
DA:59,12
DA:60,12
DA:61,12
DA:62,12
DA:63,12
DA:64,12
DA:65,84
DA:66,0
DA:68,84
DA:69,12
DA:73,2
DA:77,1
DA:78,1
DA:79,1
DA:80,1
DA:81,1
DA:83,1
DA:84,1
DA:85,7
DA:88,1
DA:89,3
DA:91,3
DA:92,3
DA:93,3
DA:94,3
DA:96,3
DA:97,3
DA:98,3
DA:99,3
DA:100,3
DA:102,3
DA:104,10
DA:105,10
DA:106,10
DA:107,10
DA:108,9
DA:109,9
DA:110,9
DA:112,9
DA:114,9
DA:122,9
DA:130,9
DA:131,9
DA:132,27
DA:133,27
DA:134,27
DA:137,9
DA:141,3
DA:142,3
DA:143,3
DA:146,3
DA:147,21
DA:148,3
DA:151,3
DA:152,3
DA:153,3
DA:154,21
DA:155,3
DA:156,3
DA:158,21
DA:164,3
DA:165,3
DA:166,3
DA:167,3
DA:169,3
DA:173,0
DA:174,0
DA:175,0
DA:180,0
DA:181,0
DA:182,0
DA:184,0
DA:185,0
DA:188,0
DA:189,0
DA:190,0
DA:191,0
DA:194,0
DA:195,0
DA:196,0
DA:197,0
DA:200,0
DA:201,0
DA:202,0
DA:206,0
DA:207,0
DA:210,0
DA:211,0
DA:212,0
DA:215,0
DA:217,0
DA:218,0
DA:221,0
DA:222,0
DA:223,0
DA:226,0
DA:227,0
DA:228,0
DA:229,0
DA:231,0
DA:232,0
DA:237,0
DA:238,0
DA:239,0
DA:240,0
DA:243,0
DA:247,0
DA:248,0
DA:249,0
DA:253,0
DA:256,0
DA:257,0
DA:260,0
DA:261,0
DA:262,0
DA:263,0
DA:265,0
DA:271,1
LF:147
LH:94
BRDA:23,0,0,3
BRDA:23,0,1,3
BRDA:26,1,0,1
BRDA:26,1,1,34
BRDA:29,2,0,1
BRDA:29,2,1,33
BRDA:32,3,0,1
BRDA:32,3,1,32
BRDA:35,4,0,1
BRDA:35,4,1,31
BRDA:38,5,0,1
BRDA:38,5,1,30
BRDA:41,6,0,1
BRDA:41,6,1,29
BRDA:65,7,0,0
BRDA:65,7,1,12
BRDA:68,8,0,12
BRDA:68,8,1,0
BRDA:93,9,0,3
BRDA:93,9,1,0
BRDA:147,10,0,3
BRDA:147,10,1,18
BRDA:154,11,0,3
BRDA:154,11,1,18
BRDA:185,12,0,0
BRDA:185,12,1,0
BRDA:185,12,2,0
BRDA:188,13,0,0
BRDA:188,13,1,0
BRDA:201,14,0,0
BRDA:201,14,1,0
BRDA:201,15,0,0
BRDA:201,15,1,0
BRDA:202,16,0,0
BRDA:202,16,1,0
BRDA:215,17,0,0
BRDA:215,17,1,0
BRDA:215,17,2,0
BRDA:226,18,0,0
BRDA:226,18,1,0
BRDA:228,19,0,0
BRDA:228,19,1,0
BRDA:237,20,0,0
BRDA:237,20,1,0
BRDA:237,21,0,0
BRDA:237,21,1,0
BRDA:247,22,0,0
BRDA:247,22,1,0
BRF:48
BRH:21
end_of_record
TN:
SF:src\staticData.js
FNF:0
FNH:0
DA:1,1
DA:2066,1
LF:2
LH:2
BRF:0
BRH:0
end_of_record
