TN:
SF:src\splitsClass.js
FN:4,(anonymous_0)
FN:27,(anonymous_1)
FN:37,(anonymous_2)
FN:60,(anonymous_3)
FN:87,(anonymous_4)
FN:95,(anonymous_5)
FN:98,(anonymous_6)
FN:111,(anonymous_7)
FN:115,(anonymous_8)
FN:117,(anonymous_9)
FN:118,(anonymous_10)
FN:164,(anonymous_11)
FN:176,(anonymous_12)
FN:198,(anonymous_13)
FN:221,(anonymous_14)
FN:254,(anonymous_15)
FN:268,(anonymous_16)
FN:274,(anonymous_17)
FN:281,(anonymous_18)
FN:306,(anonymous_19)
FN:308,(anonymous_20)
FN:309,(anonymous_21)
FN:312,(anonymous_22)
FN:319,(anonymous_23)
FN:328,(anonymous_24)
FN:342,(anonymous_25)
FN:354,(anonymous_26)
FN:370,(anonymous_27)
FN:370,(anonymous_28)
FN:378,(anonymous_29)
FN:380,(anonymous_30)
FN:409,(anonymous_31)
FN:409,(anonymous_32)
FN:411,getCenterSimilarity
FNF:34
FNH:8
FNDA:1,(anonymous_0)
FNDA:0,(anonymous_1)
FNDA:0,(anonymous_2)
FNDA:19,(anonymous_3)
FNDA:12,(anonymous_4)
FNDA:8,(anonymous_5)
FNDA:4,(anonymous_6)
FNDA:0,(anonymous_7)
FNDA:0,(anonymous_8)
FNDA:0,(anonymous_9)
FNDA:0,(anonymous_10)
FNDA:0,(anonymous_11)
FNDA:0,(anonymous_12)
FNDA:0,(anonymous_13)
FNDA:0,(anonymous_14)
FNDA:0,(anonymous_15)
FNDA:2,(anonymous_16)
FNDA:14,(anonymous_17)
FNDA:14,(anonymous_18)
FNDA:0,(anonymous_19)
FNDA:0,(anonymous_20)
FNDA:0,(anonymous_21)
FNDA:0,(anonymous_22)
FNDA:0,(anonymous_23)
FNDA:0,(anonymous_24)
FNDA:0,(anonymous_25)
FNDA:0,(anonymous_26)
FNDA:0,(anonymous_27)
FNDA:0,(anonymous_28)
FNDA:0,(anonymous_29)
FNDA:0,(anonymous_30)
FNDA:0,(anonymous_31)
FNDA:0,(anonymous_32)
FNDA:0,getCenterSimilarity
DA:1,1
DA:5,1
DA:6,1
DA:11,1
DA:16,1
DA:21,1
DA:28,0
DA:30,0
DA:31,0
DA:32,0
DA:33,0
DA:34,0
DA:35,0
DA:37,0
DA:38,0
DA:39,0
DA:40,0
DA:42,0
DA:43,0
DA:47,0
DA:50,0
DA:51,0
DA:57,0
DA:61,19
DA:62,19
DA:64,19
DA:67,19
DA:68,19
DA:70,19
DA:71,11
DA:75,19
DA:76,35
DA:77,35
DA:79,35
DA:80,12
DA:84,19
DA:88,12
DA:89,12
DA:91,12
DA:92,12
DA:94,12
DA:95,12
DA:96,2
DA:98,12
DA:99,0
DA:101,12
DA:102,55
DA:103,55
DA:104,3
DA:108,12
DA:112,0
DA:115,0
DA:117,0
DA:118,0
DA:121,0
DA:122,0
DA:125,0
DA:127,0
DA:128,0
DA:129,0
DA:130,0
DA:134,0
DA:135,0
DA:136,0
DA:138,0
DA:142,0
DA:143,0
DA:145,0
DA:146,0
DA:149,0
DA:150,0
DA:153,0
DA:154,0
DA:157,0
DA:161,0
DA:165,0
DA:167,0
DA:168,0
DA:169,0
DA:173,0
DA:177,0
DA:179,0
DA:180,0
DA:181,0
DA:184,0
DA:185,0
DA:186,0
DA:190,0
DA:191,0
DA:192,0
DA:193,0
DA:199,0
DA:200,0
DA:201,0
DA:203,0
DA:204,0
DA:205,0
DA:206,0
DA:208,0
DA:209,0
DA:211,0
DA:212,0
DA:215,0
DA:218,0
DA:223,0
DA:224,0
DA:225,0
DA:226,0
DA:227,0
DA:228,0
DA:230,0
DA:232,0
DA:233,0
DA:236,0
DA:237,0
DA:238,0
DA:239,0
DA:240,0
DA:241,0
DA:242,0
DA:245,0
DA:249,0
DA:250,0
DA:251,0
DA:254,0
DA:257,0
DA:258,0
DA:260,0
DA:269,2
DA:270,2
DA:273,2
DA:274,2
DA:275,14
DA:276,8
DA:281,14
DA:282,2
DA:284,1
DA:285,1
DA:288,1
DA:289,1
DA:293,2
DA:294,14
DA:295,8
DA:296,8
DA:297,8
DA:299,8
DA:303,2
DA:308,0
DA:309,0
DA:310,0
DA:311,0
DA:312,0
DA:313,0
DA:314,0
DA:316,0
DA:319,0
DA:320,0
DA:321,0
DA:325,0
DA:329,0
DA:330,0
DA:331,0
DA:332,0
DA:333,0
DA:335,0
DA:338,0
DA:343,0
DA:344,0
DA:345,0
DA:347,0
DA:348,0
DA:351,0
DA:355,0
DA:357,0
DA:358,0
DA:359,0
DA:361,0
DA:362,0
DA:363,0
DA:366,0
DA:367,0
DA:368,0
DA:370,0
DA:371,0
DA:372,0
DA:375,0
DA:378,0
DA:379,0
DA:380,0
DA:381,0
DA:384,0
DA:385,0
DA:386,0
DA:387,0
DA:388,0
DA:390,0
DA:395,0
DA:401,0
DA:402,0
DA:403,0
DA:404,0
DA:409,0
DA:412,0
DA:413,0
DA:414,0
DA:415,0
DA:416,0
DA:420,0
DA:427,1
LF:209
LH:52
BRDA:39,0,0,0
BRDA:39,0,1,0
BRDA:39,1,0,0
BRDA:39,1,1,0
BRDA:42,2,0,0
BRDA:42,2,1,0
BRDA:42,3,0,0
BRDA:42,3,1,0
BRDA:47,4,0,0
BRDA:47,4,1,0
BRDA:47,5,0,0
BRDA:47,5,1,0
BRDA:47,5,2,0
BRDA:47,5,3,0
BRDA:47,5,4,0
BRDA:47,5,5,0
BRDA:47,5,6,0
BRDA:47,5,7,0
BRDA:47,5,8,0
BRDA:47,5,9,0
BRDA:50,6,0,0
BRDA:50,6,1,0
BRDA:70,7,0,11
BRDA:70,7,1,8
BRDA:75,8,0,54
BRDA:75,8,1,38
BRDA:77,9,0,22
BRDA:77,9,1,13
BRDA:79,10,0,12
BRDA:79,10,1,23
BRDA:91,11,0,2
BRDA:91,11,1,10
BRDA:91,12,0,0
BRDA:91,12,1,10
BRDA:92,13,0,6
BRDA:92,13,1,6
BRDA:92,14,0,12
BRDA:92,14,1,9
BRDA:92,15,0,2
BRDA:92,15,1,4
BRDA:95,16,0,2
BRDA:95,16,1,10
BRDA:95,17,0,12
BRDA:95,17,1,8
BRDA:98,18,0,0
BRDA:98,18,1,12
BRDA:98,19,0,12
BRDA:98,19,1,2
BRDA:101,20,0,67
BRDA:101,20,1,62
BRDA:103,21,0,3
BRDA:103,21,1,52
BRDA:103,22,0,55
BRDA:103,22,1,41
BRDA:103,22,2,25
BRDA:121,23,0,0
BRDA:121,23,1,0
BRDA:121,24,0,0
BRDA:121,24,1,0
BRDA:125,25,0,0
BRDA:125,25,1,0
BRDA:135,26,0,0
BRDA:135,26,1,0
BRDA:142,27,0,0
BRDA:142,27,1,0
BRDA:145,28,0,0
BRDA:145,28,1,0
BRDA:149,29,0,0
BRDA:149,29,1,0
BRDA:149,30,0,0
BRDA:149,30,1,0
BRDA:153,31,0,0
BRDA:153,31,1,0
BRDA:168,32,0,0
BRDA:168,32,1,0
BRDA:179,33,0,0
BRDA:179,33,1,0
BRDA:184,34,0,0
BRDA:184,34,1,0
BRDA:190,35,0,0
BRDA:190,35,1,0
BRDA:200,36,0,0
BRDA:200,36,1,0
BRDA:205,37,0,0
BRDA:205,37,1,0
BRDA:205,38,0,0
BRDA:205,38,1,0
BRDA:205,38,2,0
BRDA:208,39,0,0
BRDA:208,39,1,0
BRDA:208,40,0,0
BRDA:208,40,1,0
BRDA:208,40,2,0
BRDA:211,41,0,0
BRDA:211,41,1,0
BRDA:211,42,0,0
BRDA:211,42,1,0
BRDA:211,42,2,0
BRDA:224,43,0,0
BRDA:224,43,1,0
BRDA:227,44,0,0
BRDA:227,44,1,0
BRDA:232,45,0,0
BRDA:232,45,1,0
BRDA:237,46,0,0
BRDA:237,46,1,0
BRDA:237,46,2,0
BRDA:238,47,0,0
BRDA:238,47,1,0
BRDA:240,48,0,0
BRDA:240,48,1,0
BRDA:250,49,0,0
BRDA:250,49,1,0
BRDA:257,50,0,0
BRDA:257,50,1,0
BRDA:257,51,0,0
BRDA:257,51,1,0
BRDA:275,52,0,8
BRDA:275,52,1,6
BRDA:282,53,0,1
BRDA:282,53,1,1
BRDA:294,54,0,8
BRDA:294,54,1,6
BRDA:296,55,0,8
BRDA:296,55,1,0
BRDA:313,56,0,0
BRDA:313,56,1,0
BRDA:320,57,0,0
BRDA:320,57,1,0
BRDA:329,58,0,0
BRDA:329,58,1,0
BRDA:330,59,0,0
BRDA:330,59,1,0
BRDA:332,60,0,0
BRDA:332,60,1,0
BRDA:344,61,0,0
BRDA:344,61,1,0
BRDA:384,62,0,0
BRDA:384,62,1,0
BRDA:385,63,0,0
BRDA:385,63,1,0
BRDA:387,64,0,0
BRDA:387,64,1,0
BRDA:403,65,0,0
BRDA:403,65,1,0
BRDA:415,66,0,0
BRDA:415,66,1,0
BRF:147
BRH:38
end_of_record
TN:
SF:src\staticData.js
FNF:0
FNH:0
DA:1,1
DA:1845,1
LF:2
LH:2
BRF:0
BRH:0
end_of_record
